# JRE version: OpenJDK Runtime Environment (11.0.10) (build 11.0.10+0-b96-7249189)
# Java VM: OpenJDK 64-Bit Server VM (11.0.10+0-b96-7249189, mixed mode, tiered, compressed oops, g1 gc, windows-amd64)
Heap:
 garbage-first heap   total 76800K, used 26699K [0x00000000c3200000, 0x0000000100000000)
  region size 1024K, 1 young (1024K), 1 survivors (1024K)
 Metaspace       used 40866K, capacity 41375K, committed 41472K, reserved 1093632K
  class space    used 4867K, capacity 5069K, committed 5120K, reserved 1048576K
GC Heap History (18 events):
Event: 1.616 GC heap before
{Heap before GC invocations=0 (full 0):
 garbage-first heap   total 63488K, used 17408K [0x00000000c3200000, 0x0000000100000000)
  region size 1024K, 14 young (14336K), 0 survivors (0K)
 Metaspace       used 9768K, capacity 9871K, committed 10112K, reserved 1058816K
  class space    used 834K, capacity 884K, committed 896K, reserved 1048576K
}
Event: 1.621 GC heap after
{Heap after GC invocations=1 (full 0):
 garbage-first heap   total 63488K, used 5199K [0x00000000c3200000, 0x0000000100000000)
  region size 1024K, 2 young (2048K), 2 survivors (2048K)
 Metaspace       used 9768K, capacity 9871K, committed 10112K, reserved 1058816K
  class space    used 834K, capacity 884K, committed 896K, reserved 1048576K
}
Event: 3.706 GC heap before
{Heap before GC invocations=1 (full 0):
 garbage-first heap   total 63488K, used 41039K [0x00000000c3200000, 0x0000000100000000)
  region size 1024K, 37 young (37888K), 2 survivors (2048K)
 Metaspace       used 17872K, capacity 18086K, committed 18304K, reserved 1064960K
  class space    used 1789K, capacity 1873K, committed 1920K, reserved 1048576K
}
Event: 3.729 GC heap after
{Heap after GC invocations=2 (full 0):
 garbage-first heap   total 63488K, used 9038K [0x00000000c3200000, 0x0000000100000000)
  region size 1024K, 5 young (5120K), 5 survivors (5120K)
 Metaspace       used 17872K, capacity 18086K, committed 18304K, reserved 1064960K
  class space    used 1789K, capacity 1873K, committed 1920K, reserved 1048576K
}
Event: 5.032 GC heap before
{Heap before GC invocations=2 (full 0):
 garbage-first heap   total 63488K, used 19278K [0x00000000c3200000, 0x0000000100000000)
  region size 1024K, 16 young (16384K), 5 survivors (5120K)
 Metaspace       used 20978K, capacity 21180K, committed 21248K, reserved 1069056K
  class space    used 2210K, capacity 2291K, committed 2304K, reserved 1048576K
}
Event: 5.048 GC heap after
{Heap after GC invocations=3 (full 0):
 garbage-first heap   total 63488K, used 9961K [0x00000000c3200000, 0x0000000100000000)
  region size 1024K, 1 young (1024K), 1 survivors (1024K)
 Metaspace       used 20978K, capacity 21180K, committed 21248K, reserved 1069056K
  class space    used 2210K, capacity 2291K, committed 2304K, reserved 1048576K
}
Event: 6.687 GC heap before
{Heap before GC invocations=4 (full 0):
 garbage-first heap   total 63488K, used 38633K [0x00000000c3200000, 0x0000000100000000)
  region size 1024K, 23 young (23552K), 1 survivors (1024K)
 Metaspace       used 26539K, capacity 26986K, committed 27136K, reserved 1073152K
  class space    used 2830K, capacity 3019K, committed 3072K, reserved 1048576K
}
Event: 6.693 GC heap after
{Heap after GC invocations=5 (full 0):
 garbage-first heap   total 63488K, used 17380K [0x00000000c3200000, 0x0000000100000000)
  region size 1024K, 3 young (3072K), 3 survivors (3072K)
 Metaspace       used 26539K, capacity 26986K, committed 27136K, reserved 1073152K
  class space    used 2830K, capacity 3019K, committed 3072K, reserved 1048576K
}
Event: 10.699 GC heap before
{Heap before GC invocations=5 (full 0):
 garbage-first heap   total 63488K, used 40932K [0x00000000c3200000, 0x0000000100000000)
  region size 1024K, 24 young (24576K), 3 survivors (3072K)
 Metaspace       used 30344K, capacity 30822K, committed 30976K, reserved 1077248K
  class space    used 3585K, capacity 3773K, committed 3840K, reserved 1048576K
}
Event: 10.721 GC heap after
{Heap after GC invocations=6 (full 0):
 garbage-first heap   total 63488K, used 23268K [0x00000000c3200000, 0x0000000100000000)
  region size 1024K, 3 young (3072K), 3 survivors (3072K)
 Metaspace       used 30344K, capacity 30822K, committed 30976K, reserved 1077248K
  class space    used 3585K, capacity 3773K, committed 3840K, reserved 1048576K
}
Event: 12.296 GC heap before
{Heap before GC invocations=6 (full 0):
 garbage-first heap   total 63488K, used 46820K [0x00000000c3200000, 0x0000000100000000)
  region size 1024K, 22 young (22528K), 3 survivors (3072K)
 Metaspace       used 34574K, capacity 35025K, committed 35200K, reserved 1079296K
  class space    used 4264K, capacity 4448K, committed 4480K, reserved 1048576K
}
Event: 12.317 GC heap after
{Heap after GC invocations=7 (full 0):
 garbage-first heap   total 63488K, used 25559K [0x00000000c3200000, 0x0000000100000000)
  region size 1024K, 3 young (3072K), 3 survivors (3072K)
 Metaspace       used 34574K, capacity 35025K, committed 35200K, reserved 1079296K
  class space    used 4264K, capacity 4448K, committed 4480K, reserved 1048576K
}
Event: 13.086 GC heap before
{Heap before GC invocations=7 (full 0):
 garbage-first heap   total 63488K, used 28631K [0x00000000c3200000, 0x0000000100000000)
  region size 1024K, 7 young (7168K), 3 survivors (3072K)
 Metaspace       used 35026K, capacity 35452K, committed 35584K, reserved 1081344K
  class space    used 4306K, capacity 4484K, committed 4608K, reserved 1048576K
}
Event: 13.092 GC heap after
{Heap after GC invocations=8 (full 0):
 garbage-first heap   total 76800K, used 23953K [0x00000000c3200000, 0x0000000100000000)
  region size 1024K, 1 young (1024K), 1 survivors (1024K)
 Metaspace       used 35026K, capacity 35452K, committed 35584K, reserved 1081344K
  class space    used 4306K, capacity 4484K, committed 4608K, reserved 1048576K
}
Event: 14.447 GC heap before
{Heap before GC invocations=9 (full 0):
 garbage-first heap   total 76800K, used 47505K [0x00000000c3200000, 0x0000000100000000)
  region size 1024K, 25 young (25600K), 1 survivors (1024K)
 Metaspace       used 39771K, capacity 40345K, committed 40576K, reserved 1085440K
  class space    used 4744K, capacity 4939K, committed 4992K, reserved 1048576K
}
Event: 14.457 GC heap after
{Heap after GC invocations=10 (full 0):
 garbage-first heap   total 76800K, used 26266K [0x00000000c3200000, 0x0000000100000000)
  region size 1024K, 4 young (4096K), 4 survivors (4096K)
 Metaspace       used 39771K, capacity 40345K, committed 40576K, reserved 1085440K
  class space    used 4744K, capacity 4939K, committed 4992K, reserved 1048576K
}
Event: 14.655 GC heap before
{Heap before GC invocations=10 (full 0):
 garbage-first heap   total 76800K, used 32410K [0x00000000c3200000, 0x0000000100000000)
  region size 1024K, 11 young (11264K), 4 survivors (4096K)
 Metaspace       used 40866K, capacity 41375K, committed 41472K, reserved 1091584K
  class space    used 4867K, capacity 5069K, committed 5120K, reserved 1048576K
}
Event: 14.662 GC heap after
{Heap after GC invocations=11 (full 0):
 garbage-first heap   total 76800K, used 26699K [0x00000000c3200000, 0x0000000100000000)
  region size 1024K, 1 young (1024K), 1 survivors (1024K)
 Metaspace       used 40866K, capacity 41375K, committed 41472K, reserved 1091584K
  class space    used 4867K, capacity 5069K, committed 5120K, reserved 1048576K
}

