# JRE version: OpenJDK Runtime Environment (11.0.10) (build 11.0.10+0-b96-7249189)
# Java VM: OpenJDK 64-Bit Server VM (11.0.10+0-b96-7249189, mixed mode, tiered, compressed oops, g1 gc, windows-amd64)
Heap:
 garbage-first heap   total 190464K, used 82944K [0x0000000700000000, 0x0000000800000000)
  region size 1024K, 3 young (3072K), 3 survivors (3072K)
 Metaspace       used 57535K, capacity 59258K, committed 59520K, reserved 1101824K
  class space    used 7383K, capacity 7982K, committed 8064K, reserved 1048576K
GC Heap History (20 events):
Event: 12.708 GC heap after
{Heap after GC invocations=23 (full 0):
 garbage-first heap   total 92160K, used 51216K [0x0000000700000000, 0x0000000800000000)
  region size 1024K, 2 young (2048K), 2 survivors (2048K)
 Metaspace       used 44944K, capacity 46091K, committed 46336K, reserved 1089536K
  class space    used 5873K, capacity 6287K, committed 6400K, reserved 1048576K
}
Event: 12.991 GC heap before
{Heap before GC invocations=24 (full 0):
 garbage-first heap   total 92160K, used 72720K [0x0000000700000000, 0x0000000800000000)
  region size 1024K, 23 young (23552K), 2 survivors (2048K)
 Metaspace       used 44954K, capacity 46091K, committed 46336K, reserved 1089536K
  class space    used 5873K, capacity 6287K, committed 6400K, reserved 1048576K
}
Event: 13.009 GC heap after
{Heap after GC invocations=25 (full 0):
 garbage-first heap   total 92160K, used 51743K [0x0000000700000000, 0x0000000800000000)
  region size 1024K, 2 young (2048K), 2 survivors (2048K)
 Metaspace       used 44954K, capacity 46091K, committed 46336K, reserved 1089536K
  class space    used 5873K, capacity 6287K, committed 6400K, reserved 1048576K
}
Event: 13.262 GC heap before
{Heap before GC invocations=25 (full 0):
 garbage-first heap   total 92160K, used 73247K [0x0000000700000000, 0x0000000800000000)
  region size 1024K, 23 young (23552K), 2 survivors (2048K)
 Metaspace       used 44986K, capacity 46091K, committed 46336K, reserved 1089536K
  class space    used 5873K, capacity 6287K, committed 6400K, reserved 1048576K
}
Event: 13.271 GC heap after
{Heap after GC invocations=26 (full 0):
 garbage-first heap   total 117760K, used 52108K [0x0000000700000000, 0x0000000800000000)
  region size 1024K, 2 young (2048K), 2 survivors (2048K)
 Metaspace       used 44986K, capacity 46091K, committed 46336K, reserved 1089536K
  class space    used 5873K, capacity 6287K, committed 6400K, reserved 1048576K
}
Event: 14.105 GC heap before
{Heap before GC invocations=27 (full 0):
 garbage-first heap   total 117760K, used 74636K [0x0000000700000000, 0x0000000800000000)
  region size 1024K, 25 young (25600K), 2 survivors (2048K)
 Metaspace       used 47202K, capacity 48475K, committed 48640K, reserved 1091584K
  class space    used 6120K, capacity 6584K, committed 6656K, reserved 1048576K
}
Event: 14.118 GC heap after
{Heap after GC invocations=28 (full 0):
 garbage-first heap   total 117760K, used 53951K [0x0000000700000000, 0x0000000800000000)
  region size 1024K, 4 young (4096K), 4 survivors (4096K)
 Metaspace       used 47202K, capacity 48475K, committed 48640K, reserved 1091584K
  class space    used 6120K, capacity 6584K, committed 6656K, reserved 1048576K
}
Event: 14.433 GC heap before
{Heap before GC invocations=29 (full 0):
 garbage-first heap   total 117760K, used 88767K [0x0000000700000000, 0x0000000800000000)
  region size 1024K, 35 young (35840K), 4 survivors (4096K)
 Metaspace       used 47246K, capacity 48539K, committed 48640K, reserved 1091584K
  class space    used 6123K, capacity 6584K, committed 6656K, reserved 1048576K
}
Event: 14.447 GC heap after
{Heap after GC invocations=30 (full 0):
 garbage-first heap   total 117760K, used 58202K [0x0000000700000000, 0x0000000800000000)
  region size 1024K, 4 young (4096K), 4 survivors (4096K)
 Metaspace       used 47246K, capacity 48539K, committed 48640K, reserved 1091584K
  class space    used 6123K, capacity 6584K, committed 6656K, reserved 1048576K
}
Event: 15.252 GC heap before
{Heap before GC invocations=30 (full 0):
 garbage-first heap   total 117760K, used 79706K [0x0000000700000000, 0x0000000800000000)
  region size 1024K, 27 young (27648K), 4 survivors (4096K)
 Metaspace       used 48402K, capacity 49834K, committed 50048K, reserved 1093632K
  class space    used 6238K, capacity 6753K, committed 6784K, reserved 1048576K
}
Event: 15.269 GC heap after
{Heap after GC invocations=31 (full 0):
 garbage-first heap   total 117760K, used 60223K [0x0000000700000000, 0x0000000800000000)
  region size 1024K, 4 young (4096K), 4 survivors (4096K)
 Metaspace       used 48402K, capacity 49834K, committed 50048K, reserved 1093632K
  class space    used 6238K, capacity 6753K, committed 6784K, reserved 1048576K
}
Event: 15.909 GC heap before
{Heap before GC invocations=32 (full 0):
 garbage-first heap   total 117760K, used 90943K [0x0000000700000000, 0x0000000800000000)
  region size 1024K, 33 young (33792K), 4 survivors (4096K)
 Metaspace       used 50400K, capacity 51841K, committed 52096K, reserved 1093632K
  class space    used 6407K, capacity 6928K, committed 7040K, reserved 1048576K
}
Event: 15.926 GC heap after
{Heap after GC invocations=33 (full 0):
 garbage-first heap   total 147456K, used 61800K [0x0000000700000000, 0x0000000800000000)
  region size 1024K, 4 young (4096K), 4 survivors (4096K)
 Metaspace       used 50400K, capacity 51841K, committed 52096K, reserved 1093632K
  class space    used 6407K, capacity 6928K, committed 7040K, reserved 1048576K
}
Event: 16.889 GC heap before
{Heap before GC invocations=33 (full 0):
 garbage-first heap   total 147456K, used 111976K [0x0000000700000000, 0x0000000800000000)
  region size 1024K, 53 young (54272K), 4 survivors (4096K)
 Metaspace       used 53259K, capacity 54899K, committed 55168K, reserved 1097728K
  class space    used 6880K, capacity 7438K, committed 7552K, reserved 1048576K
}
Event: 16.904 GC heap after
{Heap after GC invocations=34 (full 0):
 garbage-first heap   total 147456K, used 64231K [0x0000000700000000, 0x0000000800000000)
  region size 1024K, 5 young (5120K), 5 survivors (5120K)
 Metaspace       used 53259K, capacity 54899K, committed 55168K, reserved 1097728K
  class space    used 6880K, capacity 7438K, committed 7552K, reserved 1048576K
}
Event: 18.216 GC heap before
{Heap before GC invocations=34 (full 0):
 garbage-first heap   total 147456K, used 118503K [0x0000000700000000, 0x0000000800000000)
  region size 1024K, 53 young (54272K), 5 survivors (5120K)
 Metaspace       used 55377K, capacity 57084K, committed 57216K, reserved 1099776K
  class space    used 7112K, capacity 7707K, committed 7808K, reserved 1048576K
}
Event: 18.238 GC heap after
{Heap after GC invocations=35 (full 0):
 garbage-first heap   total 147456K, used 77691K [0x0000000700000000, 0x0000000800000000)
  region size 1024K, 7 young (7168K), 7 survivors (7168K)
 Metaspace       used 55377K, capacity 57084K, committed 57216K, reserved 1099776K
  class space    used 7112K, capacity 7707K, committed 7808K, reserved 1048576K
}
Event: 18.255 GC heap before
{Heap before GC invocations=35 (full 0):
 garbage-first heap   total 147456K, used 78715K [0x0000000700000000, 0x0000000800000000)
  region size 1024K, 9 young (9216K), 7 survivors (7168K)
 Metaspace       used 55377K, capacity 57084K, committed 57216K, reserved 1099776K
  class space    used 7112K, capacity 7707K, committed 7808K, reserved 1048576K
}
Event: 18.277 GC heap after
{Heap after GC invocations=36 (full 0):
 garbage-first heap   total 147456K, used 79470K [0x0000000700000000, 0x0000000800000000)
  region size 1024K, 2 young (2048K), 2 survivors (2048K)
 Metaspace       used 55377K, capacity 57084K, committed 57216K, reserved 1099776K
  class space    used 7112K, capacity 7707K, committed 7808K, reserved 1048576K
}
Event: 18.769 GC heap before
{Heap before GC invocations=37 (full 0):
 garbage-first heap   total 147456K, used 104046K [0x0000000700000000, 0x0000000800000000)
  region size 1024K, 24 young (24576K), 2 survivors (2048K)
 Metaspace       used 57535K, capacity 59258K, committed 59520K, reserved 1101824K
  class space    used 7383K, capacity 7982K, committed 8064K, reserved 1048576K
}

