# JRE version: OpenJDK Runtime Environment (11.0.10) (build 11.0.10+0-b96-7249189)
# Java VM: OpenJDK 64-Bit Server VM (11.0.10+0-b96-7249189, mixed mode, tiered, compressed oops, g1 gc, windows-amd64)
Heap:
 garbage-first heap   total 133120K, used 87843K [0x0000000700000000, 0x0000000800000000)
  region size 1024K, 6 young (6144K), 4 survivors (4096K)
 Metaspace       used 68597K, capacity 70391K, committed 70500K, reserved 1110016K
  class space    used 8695K, capacity 9329K, committed 9344K, reserved 1048576K
GC Heap History (20 events):
Event: 26.377 GC heap before
{Heap before GC invocations=25 (full 0):
 garbage-first heap   total 133120K, used 72393K [0x0000000700000000, 0x0000000800000000)
  region size 1024K, 10 young (10240K), 6 survivors (6144K)
 Metaspace       used 49811K, capacity 51324K, committed 51428K, reserved 1093632K
  class space    used 6359K, capacity 6855K, committed 6912K, reserved 1048576K
}
Event: 26.405 GC heap after
{Heap after GC invocations=26 (full 0):
 garbage-first heap   total 133120K, used 71629K [0x0000000700000000, 0x0000000800000000)
  region size 1024K, 3 young (3072K), 3 survivors (3072K)
 Metaspace       used 49811K, capacity 51324K, committed 51428K, reserved 1093632K
  class space    used 6359K, capacity 6855K, committed 6912K, reserved 1048576K
}
Event: 28.880 GC heap before
{Heap before GC invocations=27 (full 0):
 garbage-first heap   total 133120K, used 95181K [0x0000000700000000, 0x0000000800000000)
  region size 1024K, 25 young (25600K), 3 survivors (3072K)
 Metaspace       used 51928K, capacity 53475K, committed 53732K, reserved 1095680K
  class space    used 6630K, capacity 7143K, committed 7168K, reserved 1048576K
}
Event: 28.888 GC heap after
{Heap after GC invocations=28 (full 0):
 garbage-first heap   total 133120K, used 75607K [0x0000000700000000, 0x0000000800000000)
  region size 1024K, 4 young (4096K), 4 survivors (4096K)
 Metaspace       used 51928K, capacity 53475K, committed 53732K, reserved 1095680K
  class space    used 6630K, capacity 7143K, committed 7168K, reserved 1048576K
}
Event: 29.975 GC heap before
{Heap before GC invocations=28 (full 0):
 garbage-first heap   total 133120K, used 99159K [0x0000000700000000, 0x0000000800000000)
  region size 1024K, 27 young (27648K), 4 survivors (4096K)
 Metaspace       used 55098K, capacity 56707K, committed 57060K, reserved 1099776K
  class space    used 7048K, capacity 7580K, committed 7680K, reserved 1048576K
}
Event: 29.986 GC heap after
{Heap after GC invocations=29 (full 0):
 garbage-first heap   total 133120K, used 76696K [0x0000000700000000, 0x0000000800000000)
  region size 1024K, 3 young (3072K), 3 survivors (3072K)
 Metaspace       used 55098K, capacity 56707K, committed 57060K, reserved 1099776K
  class space    used 7048K, capacity 7580K, committed 7680K, reserved 1048576K
}
Event: 32.043 GC heap before
{Heap before GC invocations=30 (full 0):
 garbage-first heap   total 133120K, used 100248K [0x0000000700000000, 0x0000000800000000)
  region size 1024K, 26 young (26624K), 3 survivors (3072K)
 Metaspace       used 58916K, capacity 60592K, committed 60900K, reserved 1101824K
  class space    used 7498K, capacity 8082K, committed 8192K, reserved 1048576K
}
Event: 32.051 GC heap after
{Heap after GC invocations=31 (full 0):
 garbage-first heap   total 133120K, used 77456K [0x0000000700000000, 0x0000000800000000)
  region size 1024K, 2 young (2048K), 2 survivors (2048K)
 Metaspace       used 58916K, capacity 60592K, committed 60900K, reserved 1101824K
  class space    used 7498K, capacity 8082K, committed 8192K, reserved 1048576K
}
Event: 33.087 GC heap before
{Heap before GC invocations=31 (full 0):
 garbage-first heap   total 133120K, used 101008K [0x0000000700000000, 0x0000000800000000)
  region size 1024K, 26 young (26624K), 2 survivors (2048K)
 Metaspace       used 61500K, capacity 63238K, committed 63460K, reserved 1103872K
  class space    used 7806K, capacity 8408K, committed 8448K, reserved 1048576K
}
Event: 33.103 GC heap after
{Heap after GC invocations=32 (full 0):
 garbage-first heap   total 133120K, used 80256K [0x0000000700000000, 0x0000000800000000)
  region size 1024K, 4 young (4096K), 4 survivors (4096K)
 Metaspace       used 61500K, capacity 63238K, committed 63460K, reserved 1103872K
  class space    used 7806K, capacity 8408K, committed 8448K, reserved 1048576K
}
Event: 34.789 GC heap before
{Heap before GC invocations=33 (full 0):
 garbage-first heap   total 133120K, used 104832K [0x0000000700000000, 0x0000000800000000)
  region size 1024K, 28 young (28672K), 4 survivors (4096K)
 Metaspace       used 63932K, capacity 65604K, committed 65892K, reserved 1105920K
  class space    used 8132K, capacity 8743K, committed 8832K, reserved 1048576K
}
Event: 34.804 GC heap after
{Heap after GC invocations=34 (full 0):
 garbage-first heap   total 133120K, used 81654K [0x0000000700000000, 0x0000000800000000)
  region size 1024K, 2 young (2048K), 2 survivors (2048K)
 Metaspace       used 63932K, capacity 65604K, committed 65892K, reserved 1105920K
  class space    used 8132K, capacity 8743K, committed 8832K, reserved 1048576K
}
Event: 34.942 GC heap before
{Heap before GC invocations=34 (full 0):
 garbage-first heap   total 133120K, used 83702K [0x0000000700000000, 0x0000000800000000)
  region size 1024K, 5 young (5120K), 2 survivors (2048K)
 Metaspace       used 64181K, capacity 65898K, committed 66148K, reserved 1105920K
  class space    used 8158K, capacity 8777K, committed 8832K, reserved 1048576K
}
Event: 34.953 GC heap after
{Heap after GC invocations=35 (full 0):
 garbage-first heap   total 133120K, used 82103K [0x0000000700000000, 0x0000000800000000)
  region size 1024K, 2 young (2048K), 2 survivors (2048K)
 Metaspace       used 64181K, capacity 65898K, committed 66148K, reserved 1105920K
  class space    used 8158K, capacity 8777K, committed 8832K, reserved 1048576K
}
Event: 36.186 GC heap before
{Heap before GC invocations=36 (full 0):
 garbage-first heap   total 133120K, used 105655K [0x0000000700000000, 0x0000000800000000)
  region size 1024K, 24 young (24576K), 2 survivors (2048K)
 Metaspace       used 66492K, capacity 68235K, committed 68452K, reserved 1107968K
  class space    used 8456K, capacity 9062K, committed 9088K, reserved 1048576K
}
Event: 36.197 GC heap after
{Heap after GC invocations=37 (full 0):
 garbage-first heap   total 133120K, used 82864K [0x0000000700000000, 0x0000000800000000)
  region size 1024K, 2 young (2048K), 2 survivors (2048K)
 Metaspace       used 66492K, capacity 68235K, committed 68452K, reserved 1107968K
  class space    used 8456K, capacity 9062K, committed 9088K, reserved 1048576K
}
Event: 36.954 GC heap before
{Heap before GC invocations=37 (full 0):
 garbage-first heap   total 133120K, used 105392K [0x0000000700000000, 0x0000000800000000)
  region size 1024K, 24 young (24576K), 2 survivors (2048K)
 Metaspace       used 67636K, capacity 69377K, committed 69732K, reserved 1110016K
  class space    used 8593K, capacity 9226K, committed 9344K, reserved 1048576K
}
Event: 36.967 GC heap after
{Heap after GC invocations=38 (full 0):
 garbage-first heap   total 133120K, used 84720K [0x0000000700000000, 0x0000000800000000)
  region size 1024K, 3 young (3072K), 3 survivors (3072K)
 Metaspace       used 67636K, capacity 69377K, committed 69732K, reserved 1110016K
  class space    used 8593K, capacity 9226K, committed 9344K, reserved 1048576K
}
Event: 37.604 GC heap before
{Heap before GC invocations=39 (full 0):
 garbage-first heap   total 133120K, used 107248K [0x0000000700000000, 0x0000000800000000)
  region size 1024K, 25 young (25600K), 3 survivors (3072K)
 Metaspace       used 68306K, capacity 70103K, committed 70244K, reserved 1110016K
  class space    used 8655K, capacity 9297K, committed 9344K, reserved 1048576K
}
Event: 37.622 GC heap after
{Heap after GC invocations=40 (full 0):
 garbage-first heap   total 133120K, used 86819K [0x0000000700000000, 0x0000000800000000)
  region size 1024K, 4 young (4096K), 4 survivors (4096K)
 Metaspace       used 68306K, capacity 70103K, committed 70244K, reserved 1110016K
  class space    used 8655K, capacity 9297K, committed 9344K, reserved 1048576K
}

