# JRE version: OpenJDK Runtime Environment (11.0.10) (build 11.0.10+0-b96-7249189)
# Java VM: OpenJDK 64-Bit Server VM (11.0.10+0-b96-7249189, mixed mode, tiered, compressed oops, g1 gc, windows-amd64)
Heap:
 garbage-first heap   total 63488K, used 42545K [0x00000000c3200000, 0x0000000100000000)
  region size 1024K, 20 young (20480K), 3 survivors (3072K)
 Metaspace       used 42719K, capacity 43227K, committed 43392K, reserved 1087488K
  class space    used 5039K, capacity 5235K, committed 5248K, reserved 1048576K
GC Heap History (16 events):
Event: 11.820 GC heap before
{Heap before GC invocations=0 (full 0):
 garbage-first heap   total 63488K, used 17408K [0x00000000c3200000, 0x0000000100000000)
  region size 1024K, 14 young (14336K), 0 survivors (0K)
 Metaspace       used 9783K, capacity 9871K, committed 10112K, reserved 1058816K
  class space    used 834K, capacity 884K, committed 896K, reserved 1048576K
}
Event: 11.827 GC heap after
{Heap after GC invocations=1 (full 0):
 garbage-first heap   total 63488K, used 5239K [0x00000000c3200000, 0x0000000100000000)
  region size 1024K, 2 young (2048K), 2 survivors (2048K)
 Metaspace       used 9783K, capacity 9871K, committed 10112K, reserved 1058816K
  class space    used 834K, capacity 884K, committed 896K, reserved 1048576K
}
Event: 19.647 GC heap before
{Heap before GC invocations=1 (full 0):
 garbage-first heap   total 63488K, used 41079K [0x00000000c3200000, 0x0000000100000000)
  region size 1024K, 37 young (37888K), 2 survivors (2048K)
 Metaspace       used 17936K, capacity 18150K, committed 18304K, reserved 1064960K
  class space    used 1789K, capacity 1873K, committed 1920K, reserved 1048576K
}
Event: 19.669 GC heap after
{Heap after GC invocations=2 (full 0):
 garbage-first heap   total 63488K, used 8928K [0x00000000c3200000, 0x0000000100000000)
  region size 1024K, 5 young (5120K), 5 survivors (5120K)
 Metaspace       used 17936K, capacity 18150K, committed 18304K, reserved 1064960K
  class space    used 1789K, capacity 1873K, committed 1920K, reserved 1048576K
}
Event: 27.013 GC heap before
{Heap before GC invocations=2 (full 0):
 garbage-first heap   total 63488K, used 19168K [0x00000000c3200000, 0x0000000100000000)
  region size 1024K, 16 young (16384K), 5 survivors (5120K)
 Metaspace       used 20974K, capacity 21180K, committed 21248K, reserved 1069056K
  class space    used 2206K, capacity 2291K, committed 2304K, reserved 1048576K
}
Event: 27.040 GC heap after
{Heap after GC invocations=3 (full 0):
 garbage-first heap   total 63488K, used 10178K [0x00000000c3200000, 0x0000000100000000)
  region size 1024K, 1 young (1024K), 1 survivors (1024K)
 Metaspace       used 20974K, capacity 21180K, committed 21248K, reserved 1069056K
  class space    used 2206K, capacity 2291K, committed 2304K, reserved 1048576K
}
Event: 34.021 GC heap before
{Heap before GC invocations=4 (full 0):
 garbage-first heap   total 63488K, used 37826K [0x00000000c3200000, 0x0000000100000000)
  region size 1024K, 23 young (23552K), 1 survivors (1024K)
 Metaspace       used 26517K, capacity 26890K, committed 27136K, reserved 1073152K
  class space    used 2824K, capacity 2987K, committed 3072K, reserved 1048576K
}
Event: 34.032 GC heap after
{Heap after GC invocations=5 (full 0):
 garbage-first heap   total 63488K, used 17473K [0x00000000c3200000, 0x0000000100000000)
  region size 1024K, 3 young (3072K), 3 survivors (3072K)
 Metaspace       used 26517K, capacity 26890K, committed 27136K, reserved 1073152K
  class space    used 2824K, capacity 2987K, committed 3072K, reserved 1048576K
}
Event: 47.087 GC heap before
{Heap before GC invocations=5 (full 0):
 garbage-first heap   total 63488K, used 41025K [0x00000000c3200000, 0x0000000100000000)
  region size 1024K, 24 young (24576K), 3 survivors (3072K)
 Metaspace       used 30413K, capacity 30822K, committed 30976K, reserved 1077248K
  class space    used 3584K, capacity 3773K, committed 3840K, reserved 1048576K
}
Event: 47.122 GC heap after
{Heap after GC invocations=6 (full 0):
 garbage-first heap   total 63488K, used 23713K [0x00000000c3200000, 0x0000000100000000)
  region size 1024K, 3 young (3072K), 3 survivors (3072K)
 Metaspace       used 30413K, capacity 30822K, committed 30976K, reserved 1077248K
  class space    used 3584K, capacity 3773K, committed 3840K, reserved 1048576K
}
Event: 56.692 GC heap before
{Heap before GC invocations=6 (full 0):
 garbage-first heap   total 63488K, used 46241K [0x00000000c3200000, 0x0000000100000000)
  region size 1024K, 21 young (21504K), 3 survivors (3072K)
 Metaspace       used 34539K, capacity 35025K, committed 35200K, reserved 1079296K
  class space    used 4255K, capacity 4448K, committed 4480K, reserved 1048576K
}
Event: 56.717 GC heap after
{Heap after GC invocations=7 (full 0):
 garbage-first heap   total 63488K, used 26109K [0x00000000c3200000, 0x0000000100000000)
  region size 1024K, 3 young (3072K), 3 survivors (3072K)
 Metaspace       used 34539K, capacity 35025K, committed 35200K, reserved 1079296K
  class space    used 4255K, capacity 4448K, committed 4480K, reserved 1048576K
}
Event: 59.536 GC heap before
{Heap before GC invocations=7 (full 0):
 garbage-first heap   total 63488K, used 30205K [0x00000000c3200000, 0x0000000100000000)
  region size 1024K, 8 young (8192K), 3 survivors (3072K)
 Metaspace       used 35268K, capacity 35650K, committed 35840K, reserved 1081344K
  class space    used 4315K, capacity 4484K, committed 4608K, reserved 1048576K
}
Event: 59.544 GC heap after
{Heap after GC invocations=8 (full 0):
 garbage-first heap   total 63488K, used 24278K [0x00000000c3200000, 0x0000000100000000)
  region size 1024K, 1 young (1024K), 1 survivors (1024K)
 Metaspace       used 35268K, capacity 35650K, committed 35840K, reserved 1081344K
  class space    used 4315K, capacity 4484K, committed 4608K, reserved 1048576K
}
Event: 69.153 GC heap before
{Heap before GC invocations=9 (full 0):
 garbage-first heap   total 63488K, used 43734K [0x00000000c3200000, 0x0000000100000000)
  region size 1024K, 20 young (20480K), 1 survivors (1024K)
 Metaspace       used 38962K, capacity 39487K, committed 39680K, reserved 1083392K
  class space    used 4669K, capacity 4843K, committed 4864K, reserved 1048576K
}
Event: 69.164 GC heap after
{Heap after GC invocations=10 (full 0):
 garbage-first heap   total 63488K, used 26161K [0x00000000c3200000, 0x0000000100000000)
  region size 1024K, 3 young (3072K), 3 survivors (3072K)
 Metaspace       used 38962K, capacity 39487K, committed 39680K, reserved 1083392K
  class space    used 4669K, capacity 4843K, committed 4864K, reserved 1048576K
}

