# JRE version: Java(TM) SE Runtime Environment (8.0_301-b09) (build 1.8.0_301-b09)
# Java VM: Java HotSpot(TM) 64-Bit Server VM (25.301-b09 mixed mode windows-amd64 compressed oops)
Heap:
 PSYoungGen      total 93184K, used 68956K [0x00000000d5580000, 0x00000000dd900000, 0x0000000100000000)
  eden space 82432K, 83% used [0x00000000d5580000,0x00000000d98d7360,0x00000000da600000)
  from space 10752K, 0% used [0x00000000da600000,0x00000000da600000,0x00000000db080000)
  to   space 10752K, 0% used [0x00000000dce80000,0x00000000dce80000,0x00000000dd900000)
 ParOldGen       total 34816K, used 15568K [0x0000000080000000, 0x0000000082200000, 0x00000000d5580000)
  object space 34816K, 44% used [0x0000000080000000,0x0000000080f340f8,0x0000000082200000)
 Metaspace       used 36429K, capacity 38018K, committed 38144K, reserved 1081344K
  class space    used 5210K, capacity 5559K, committed 5632K, reserved 1048576K
GC Heap History (10 events):
Event: 7.948 GC heap before
{Heap before GC invocations=9 (full 1):
 PSYoungGen      total 67072K, used 5109K [0x00000000d5580000, 0x00000000da080000, 0x0000000100000000)
  eden space 61952K, 0% used [0x00000000d5580000,0x00000000d5580000,0x00000000d9200000)
  from space 5120K, 99% used [0x00000000d9880000,0x00000000d9d7d608,0x00000000d9d80000)
  to   space 6656K, 0% used [0x00000000d9200000,0x00000000d9200000,0x00000000d9880000)
 ParOldGen       total 42496K, used 10093K [0x0000000080000000, 0x0000000082980000, 0x00000000d5580000)
  object space 42496K, 23% used [0x0000000080000000,0x00000000809db670,0x0000000082980000)
 Metaspace       used 20422K, capacity 21134K, committed 21248K, reserved 1067008K
  class space    used 3055K, capacity 3247K, committed 3328K, reserved 1048576K
Event: 8.028 GC heap after
Heap after GC invocations=9 (full 1):
 PSYoungGen      total 67072K, used 0K [0x00000000d5580000, 0x00000000da080000, 0x0000000100000000)
  eden space 61952K, 0% used [0x00000000d5580000,0x00000000d5580000,0x00000000d9200000)
  from space 5120K, 0% used [0x00000000d9880000,0x00000000d9880000,0x00000000d9d80000)
  to   space 6656K, 0% used [0x00000000d9200000,0x00000000d9200000,0x00000000d9880000)
 ParOldGen       total 34816K, used 9545K [0x0000000080000000, 0x0000000082200000, 0x00000000d5580000)
  object space 34816K, 27% used [0x0000000080000000,0x00000000809526f0,0x0000000082200000)
 Metaspace       used 20422K, capacity 21134K, committed 21248K, reserved 1067008K
  class space    used 3055K, capacity 3247K, committed 3328K, reserved 1048576K
}
Event: 10.698 GC heap before
{Heap before GC invocations=10 (full 1):
 PSYoungGen      total 67072K, used 61952K [0x00000000d5580000, 0x00000000da080000, 0x0000000100000000)
  eden space 61952K, 100% used [0x00000000d5580000,0x00000000d9200000,0x00000000d9200000)
  from space 5120K, 0% used [0x00000000d9880000,0x00000000d9880000,0x00000000d9d80000)
  to   space 6656K, 0% used [0x00000000d9200000,0x00000000d9200000,0x00000000d9880000)
 ParOldGen       total 34816K, used 9545K [0x0000000080000000, 0x0000000082200000, 0x00000000d5580000)
  object space 34816K, 27% used [0x0000000080000000,0x00000000809526f0,0x0000000082200000)
 Metaspace       used 27317K, capacity 28280K, committed 28416K, reserved 1073152K
  class space    used 4006K, capacity 4268K, committed 4352K, reserved 1048576K
Event: 10.714 GC heap after
Heap after GC invocations=10 (full 1):
 PSYoungGen      total 68608K, used 6627K [0x00000000d5580000, 0x00000000dba00000, 0x0000000100000000)
  eden space 61952K, 0% used [0x00000000d5580000,0x00000000d5580000,0x00000000d9200000)
  from space 6656K, 99% used [0x00000000d9200000,0x00000000d9878d70,0x00000000d9880000)
  to   space 9728K, 0% used [0x00000000db080000,0x00000000db080000,0x00000000dba00000)
 ParOldGen       total 34816K, used 10099K [0x0000000080000000, 0x0000000082200000, 0x00000000d5580000)
  object space 34816K, 29% used [0x0000000080000000,0x00000000809dce88,0x0000000082200000)
 Metaspace       used 27317K, capacity 28280K, committed 28416K, reserved 1073152K
  class space    used 4006K, capacity 4268K, committed 4352K, reserved 1048576K
}
Event: 12.484 GC heap before
{Heap before GC invocations=11 (full 1):
 PSYoungGen      total 68608K, used 68579K [0x00000000d5580000, 0x00000000dba00000, 0x0000000100000000)
  eden space 61952K, 100% used [0x00000000d5580000,0x00000000d9200000,0x00000000d9200000)
  from space 6656K, 99% used [0x00000000d9200000,0x00000000d9878d70,0x00000000d9880000)
  to   space 9728K, 0% used [0x00000000db080000,0x00000000db080000,0x00000000dba00000)
 ParOldGen       total 34816K, used 10099K [0x0000000080000000, 0x0000000082200000, 0x00000000d5580000)
  object space 34816K, 29% used [0x0000000080000000,0x00000000809dce88,0x0000000082200000)
 Metaspace       used 31447K, capacity 32654K, committed 32768K, reserved 1077248K
  class space    used 4522K, capacity 4804K, committed 4864K, reserved 1048576K
Event: 12.520 GC heap after
Heap after GC invocations=11 (full 1):
 PSYoungGen      total 92160K, used 8732K [0x00000000d5580000, 0x00000000dbd00000, 0x0000000100000000)
  eden space 82432K, 0% used [0x00000000d5580000,0x00000000d5580000,0x00000000da600000)
  from space 9728K, 89% used [0x00000000db080000,0x00000000db907298,0x00000000dba00000)
  to   space 10752K, 0% used [0x00000000da600000,0x00000000da600000,0x00000000db080000)
 ParOldGen       total 34816K, used 10107K [0x0000000080000000, 0x0000000082200000, 0x00000000d5580000)
  object space 34816K, 29% used [0x0000000080000000,0x00000000809dee88,0x0000000082200000)
 Metaspace       used 31447K, capacity 32654K, committed 32768K, reserved 1077248K
  class space    used 4522K, capacity 4804K, committed 4864K, reserved 1048576K
}
Event: 13.420 GC heap before
{Heap before GC invocations=12 (full 1):
 PSYoungGen      total 92160K, used 43981K [0x00000000d5580000, 0x00000000dbd00000, 0x0000000100000000)
  eden space 82432K, 42% used [0x00000000d5580000,0x00000000d77ec1e0,0x00000000da600000)
  from space 9728K, 89% used [0x00000000db080000,0x00000000db907298,0x00000000dba00000)
  to   space 10752K, 0% used [0x00000000da600000,0x00000000da600000,0x00000000db080000)
 ParOldGen       total 34816K, used 10107K [0x0000000080000000, 0x0000000082200000, 0x00000000d5580000)
  object space 34816K, 29% used [0x0000000080000000,0x00000000809dee88,0x0000000082200000)
 Metaspace       used 33994K, capacity 35364K, committed 35416K, reserved 1079296K
  class space    used 4821K, capacity 5113K, committed 5120K, reserved 1048576K
Event: 13.440 GC heap after
Heap after GC invocations=12 (full 1):
 PSYoungGen      total 93184K, used 2727K [0x00000000d5580000, 0x00000000dd900000, 0x0000000100000000)
  eden space 82432K, 0% used [0x00000000d5580000,0x00000000d5580000,0x00000000da600000)
  from space 10752K, 25% used [0x00000000da600000,0x00000000da8a9ef8,0x00000000db080000)
  to   space 10752K, 0% used [0x00000000dce80000,0x00000000dce80000,0x00000000dd900000)
 ParOldGen       total 34816K, used 16170K [0x0000000080000000, 0x0000000082200000, 0x00000000d5580000)
  object space 34816K, 46% used [0x0000000080000000,0x0000000080fcaa68,0x0000000082200000)
 Metaspace       used 33994K, capacity 35364K, committed 35416K, reserved 1079296K
  class space    used 4821K, capacity 5113K, committed 5120K, reserved 1048576K
}
Event: 13.440 GC heap before
{Heap before GC invocations=13 (full 2):
 PSYoungGen      total 93184K, used 2727K [0x00000000d5580000, 0x00000000dd900000, 0x0000000100000000)
  eden space 82432K, 0% used [0x00000000d5580000,0x00000000d5580000,0x00000000da600000)
  from space 10752K, 25% used [0x00000000da600000,0x00000000da8a9ef8,0x00000000db080000)
  to   space 10752K, 0% used [0x00000000dce80000,0x00000000dce80000,0x00000000dd900000)
 ParOldGen       total 34816K, used 16170K [0x0000000080000000, 0x0000000082200000, 0x00000000d5580000)
  object space 34816K, 46% used [0x0000000080000000,0x0000000080fcaa68,0x0000000082200000)
 Metaspace       used 33994K, capacity 35364K, committed 35416K, reserved 1079296K
  class space    used 4821K, capacity 5113K, committed 5120K, reserved 1048576K
Event: 13.569 GC heap after
Heap after GC invocations=13 (full 2):
 PSYoungGen      total 93184K, used 0K [0x00000000d5580000, 0x00000000dd900000, 0x0000000100000000)
  eden space 82432K, 0% used [0x00000000d5580000,0x00000000d5580000,0x00000000da600000)
  from space 10752K, 0% used [0x00000000da600000,0x00000000da600000,0x00000000db080000)
  to   space 10752K, 0% used [0x00000000dce80000,0x00000000dce80000,0x00000000dd900000)
 ParOldGen       total 34816K, used 15568K [0x0000000080000000, 0x0000000082200000, 0x00000000d5580000)
  object space 34816K, 44% used [0x0000000080000000,0x0000000080f340f8,0x0000000082200000)
 Metaspace       used 33994K, capacity 35364K, committed 35416K, reserved 1079296K
  class space    used 4821K, capacity 5113K, committed 5120K, reserved 1048576K
}

