# JRE version: OpenJDK Runtime Environment (11.0.10) (build 11.0.10+0-b96-7249189)
# Java VM: OpenJDK 64-Bit Server VM (11.0.10+0-b96-7249189, mixed mode, tiered, compressed oops, g1 gc, windows-amd64)
Heap:
 garbage-first heap   total 63488K, used 44208K [0x00000000c3200000, 0x0000000100000000)
  region size 1024K, 20 young (20480K), 2 survivors (2048K)
 Metaspace       used 43472K, capacity 43987K, committed 44032K, reserved 1093632K
  class space    used 5121K, capacity 5338K, committed 5376K, reserved 1048576K
GC Heap History (16 events):
Event: 1.778 GC heap before
{Heap before GC invocations=0 (full 0):
 garbage-first heap   total 63488K, used 17408K [0x00000000c3200000, 0x0000000100000000)
  region size 1024K, 14 young (14336K), 0 survivors (0K)
 Metaspace       used 9768K, capacity 9871K, committed 10112K, reserved 1058816K
  class space    used 834K, capacity 884K, committed 896K, reserved 1048576K
}
Event: 1.784 GC heap after
{Heap after GC invocations=1 (full 0):
 garbage-first heap   total 63488K, used 5264K [0x00000000c3200000, 0x0000000100000000)
  region size 1024K, 2 young (2048K), 2 survivors (2048K)
 Metaspace       used 9768K, capacity 9871K, committed 10112K, reserved 1058816K
  class space    used 834K, capacity 884K, committed 896K, reserved 1048576K
}
Event: 3.497 GC heap before
{Heap before GC invocations=1 (full 0):
 garbage-first heap   total 63488K, used 41104K [0x00000000c3200000, 0x0000000100000000)
  region size 1024K, 37 young (37888K), 2 survivors (2048K)
 Metaspace       used 17807K, capacity 17953K, committed 18304K, reserved 1064960K
  class space    used 1769K, capacity 1807K, committed 1920K, reserved 1048576K
}
Event: 3.515 GC heap after
{Heap after GC invocations=2 (full 0):
 garbage-first heap   total 63488K, used 9061K [0x00000000c3200000, 0x0000000100000000)
  region size 1024K, 5 young (5120K), 5 survivors (5120K)
 Metaspace       used 17807K, capacity 17953K, committed 18304K, reserved 1064960K
  class space    used 1769K, capacity 1807K, committed 1920K, reserved 1048576K
}
Event: 4.773 GC heap before
{Heap before GC invocations=2 (full 0):
 garbage-first heap   total 63488K, used 19301K [0x00000000c3200000, 0x0000000100000000)
  region size 1024K, 16 young (16384K), 5 survivors (5120K)
 Metaspace       used 20977K, capacity 21180K, committed 21248K, reserved 1069056K
  class space    used 2203K, capacity 2291K, committed 2304K, reserved 1048576K
}
Event: 4.790 GC heap after
{Heap after GC invocations=3 (full 0):
 garbage-first heap   total 63488K, used 9767K [0x00000000c3200000, 0x0000000100000000)
  region size 1024K, 1 young (1024K), 1 survivors (1024K)
 Metaspace       used 20977K, capacity 21180K, committed 21248K, reserved 1069056K
  class space    used 2203K, capacity 2291K, committed 2304K, reserved 1048576K
}
Event: 15.718 GC heap before
{Heap before GC invocations=4 (full 0):
 garbage-first heap   total 63488K, used 38439K [0x00000000c3200000, 0x0000000100000000)
  region size 1024K, 23 young (23552K), 1 survivors (1024K)
 Metaspace       used 26558K, capacity 26986K, committed 27136K, reserved 1073152K
  class space    used 2828K, capacity 3019K, committed 3072K, reserved 1048576K
}
Event: 15.731 GC heap after
{Heap after GC invocations=5 (full 0):
 garbage-first heap   total 63488K, used 17419K [0x00000000c3200000, 0x0000000100000000)
  region size 1024K, 3 young (3072K), 3 survivors (3072K)
 Metaspace       used 26558K, capacity 26986K, committed 27136K, reserved 1073152K
  class space    used 2828K, capacity 3019K, committed 3072K, reserved 1048576K
}
Event: 33.417 GC heap before
{Heap before GC invocations=5 (full 0):
 garbage-first heap   total 63488K, used 40971K [0x00000000c3200000, 0x0000000100000000)
  region size 1024K, 24 young (24576K), 3 survivors (3072K)
 Metaspace       used 30407K, capacity 30822K, committed 30976K, reserved 1077248K
  class space    used 3585K, capacity 3773K, committed 3840K, reserved 1048576K
}
Event: 33.437 GC heap after
{Heap after GC invocations=6 (full 0):
 garbage-first heap   total 63488K, used 23425K [0x00000000c3200000, 0x0000000100000000)
  region size 1024K, 3 young (3072K), 3 survivors (3072K)
 Metaspace       used 30407K, capacity 30822K, committed 30976K, reserved 1077248K
  class space    used 3585K, capacity 3773K, committed 3840K, reserved 1048576K
}
Event: 35.394 GC heap before
{Heap before GC invocations=6 (full 0):
 garbage-first heap   total 63488K, used 46977K [0x00000000c3200000, 0x0000000100000000)
  region size 1024K, 22 young (22528K), 3 survivors (3072K)
 Metaspace       used 34622K, capacity 35089K, committed 35200K, reserved 1079296K
  class space    used 4263K, capacity 4448K, committed 4480K, reserved 1048576K
}
Event: 35.418 GC heap after
{Heap after GC invocations=7 (full 0):
 garbage-first heap   total 63488K, used 25695K [0x00000000c3200000, 0x0000000100000000)
  region size 1024K, 3 young (3072K), 3 survivors (3072K)
 Metaspace       used 34622K, capacity 35089K, committed 35200K, reserved 1079296K
  class space    used 4263K, capacity 4448K, committed 4480K, reserved 1048576K
}
Event: 36.468 GC heap before
{Heap before GC invocations=7 (full 0):
 garbage-first heap   total 63488K, used 28767K [0x00000000c3200000, 0x0000000100000000)
  region size 1024K, 7 young (7168K), 3 survivors (3072K)
 Metaspace       used 35259K, capacity 35649K, committed 35840K, reserved 1081344K
  class space    used 4315K, capacity 4484K, committed 4608K, reserved 1048576K
}
Event: 36.475 GC heap after
{Heap after GC invocations=8 (full 0):
 garbage-first heap   total 63488K, used 23966K [0x00000000c3200000, 0x0000000100000000)
  region size 1024K, 1 young (1024K), 1 survivors (1024K)
 Metaspace       used 35259K, capacity 35649K, committed 35840K, reserved 1081344K
  class space    used 4315K, capacity 4484K, committed 4608K, reserved 1048576K
}
Event: 37.575 GC heap before
{Heap before GC invocations=9 (full 0):
 garbage-first heap   total 63488K, used 43422K [0x00000000c3200000, 0x0000000100000000)
  region size 1024K, 21 young (21504K), 1 survivors (1024K)
 Metaspace       used 39125K, capacity 39646K, committed 39808K, reserved 1083392K
  class space    used 4686K, capacity 4875K, committed 4992K, reserved 1048576K
}
Event: 37.584 GC heap after
{Heap after GC invocations=10 (full 0):
 garbage-first heap   total 63488K, used 25776K [0x00000000c3200000, 0x0000000100000000)
  region size 1024K, 3 young (3072K), 3 survivors (3072K)
 Metaspace       used 39125K, capacity 39646K, committed 39808K, reserved 1083392K
  class space    used 4686K, capacity 4875K, committed 4992K, reserved 1048576K
}

