# JRE version: OpenJDK Runtime Environment (11.0.10) (build 11.0.10+0-b96-7249189)
# Java VM: OpenJDK 64-Bit Server VM (11.0.10+0-b96-7249189, mixed mode, tiered, compressed oops, g1 gc, windows-amd64)
Heap:
 garbage-first heap   total 231424K, used 148705K [0x0000000080000000, 0x0000000100000000)
  region size 1024K, 1 young (1024K), 1 survivors (1024K)
 Metaspace       used 108746K, capacity 111400K, committed 111564K, reserved 1146880K
  class space    used 13694K, capacity 14679K, committed 14796K, reserved 1048576K
GC Heap History (20 events):
Event: 8485.002 GC heap after
{Heap after GC invocations=96 (full 0):
 garbage-first heap   total 175104K, used 138853K [0x0000000080000000, 0x0000000100000000)
  region size 1024K, 2 young (2048K), 2 survivors (2048K)
 Metaspace       used 105028K, capacity 107473K, committed 107596K, reserved 1142784K
  class space    used 13144K, capacity 14064K, committed 14156K, reserved 1048576K
}
Event: 8488.161 GC heap before
{Heap before GC invocations=96 (full 0):
 garbage-first heap   total 175104K, used 155237K [0x0000000080000000, 0x0000000100000000)
  region size 1024K, 15 young (15360K), 2 survivors (2048K)
 Metaspace       used 105257K, capacity 107724K, committed 107852K, reserved 1142784K
  class space    used 13185K, capacity 14105K, committed 14156K, reserved 1048576K
}
Event: 8488.326 GC heap after
{Heap after GC invocations=97 (full 0):
 garbage-first heap   total 175104K, used 141276K [0x0000000080000000, 0x0000000100000000)
  region size 1024K, 2 young (2048K), 2 survivors (2048K)
 Metaspace       used 105257K, capacity 107724K, committed 107852K, reserved 1142784K
  class space    used 13185K, capacity 14105K, committed 14156K, reserved 1048576K
}
Event: 8488.458 GC heap before
{Heap before GC invocations=97 (full 0):
 garbage-first heap   total 175104K, used 153564K [0x0000000080000000, 0x0000000100000000)
  region size 1024K, 14 young (14336K), 2 survivors (2048K)
 Metaspace       used 105272K, capacity 107724K, committed 107852K, reserved 1142784K
  class space    used 13188K, capacity 14105K, committed 14156K, reserved 1048576K
}
Event: 8488.466 GC heap after
{Heap after GC invocations=98 (full 0):
 garbage-first heap   total 175104K, used 142766K [0x0000000080000000, 0x0000000100000000)
  region size 1024K, 2 young (2048K), 2 survivors (2048K)
 Metaspace       used 105272K, capacity 107724K, committed 107852K, reserved 1142784K
  class space    used 13188K, capacity 14105K, committed 14156K, reserved 1048576K
}
Event: 8489.790 GC heap before
{Heap before GC invocations=98 (full 0):
 garbage-first heap   total 175104K, used 153006K [0x0000000080000000, 0x0000000100000000)
  region size 1024K, 12 young (12288K), 2 survivors (2048K)
 Metaspace       used 105340K, capacity 107864K, committed 108108K, reserved 1142784K
  class space    used 13200K, capacity 14109K, committed 14156K, reserved 1048576K
}
Event: 8489.798 GC heap after
{Heap after GC invocations=99 (full 0):
 garbage-first heap   total 175104K, used 144075K [0x0000000080000000, 0x0000000100000000)
  region size 1024K, 2 young (2048K), 2 survivors (2048K)
 Metaspace       used 105340K, capacity 107864K, committed 108108K, reserved 1142784K
  class space    used 13200K, capacity 14109K, committed 14156K, reserved 1048576K
}
Event: 8491.620 GC heap before
{Heap before GC invocations=99 (full 0):
 garbage-first heap   total 175104K, used 151243K [0x0000000080000000, 0x0000000100000000)
  region size 1024K, 10 young (10240K), 2 survivors (2048K)
 Metaspace       used 105591K, capacity 108126K, committed 108236K, reserved 1142784K
  class space    used 13239K, capacity 14175K, committed 14284K, reserved 1048576K
}
Event: 8491.661 GC heap after
{Heap after GC invocations=100 (full 0):
 garbage-first heap   total 175104K, used 144686K [0x0000000080000000, 0x0000000100000000)
  region size 1024K, 1 young (1024K), 1 survivors (1024K)
 Metaspace       used 105591K, capacity 108126K, committed 108236K, reserved 1142784K
  class space    used 13239K, capacity 14175K, committed 14284K, reserved 1048576K
}
Event: 8492.381 GC heap before
{Heap before GC invocations=100 (full 0):
 garbage-first heap   total 175104K, used 151854K [0x0000000080000000, 0x0000000100000000)
  region size 1024K, 9 young (9216K), 1 survivors (1024K)
 Metaspace       used 105751K, capacity 108287K, committed 108492K, reserved 1142784K
  class space    used 13267K, capacity 14186K, committed 14284K, reserved 1048576K
}
Event: 8492.440 GC heap after
{Heap after GC invocations=101 (full 0):
 garbage-first heap   total 175104K, used 145363K [0x0000000080000000, 0x0000000100000000)
  region size 1024K, 2 young (2048K), 2 survivors (2048K)
 Metaspace       used 105751K, capacity 108287K, committed 108492K, reserved 1142784K
  class space    used 13267K, capacity 14186K, committed 14284K, reserved 1048576K
}
Event: 8493.378 GC heap before
{Heap before GC invocations=101 (full 0):
 garbage-first heap   total 175104K, used 151507K [0x0000000080000000, 0x0000000100000000)
  region size 1024K, 9 young (9216K), 2 survivors (2048K)
 Metaspace       used 105843K, capacity 108360K, committed 108492K, reserved 1142784K
  class space    used 13273K, capacity 14189K, committed 14284K, reserved 1048576K
}
Event: 8493.467 GC heap after
{Heap after GC invocations=102 (full 0):
 garbage-first heap   total 175104K, used 146265K [0x0000000080000000, 0x0000000100000000)
  region size 1024K, 2 young (2048K), 2 survivors (2048K)
 Metaspace       used 105843K, capacity 108360K, committed 108492K, reserved 1142784K
  class space    used 13273K, capacity 14189K, committed 14284K, reserved 1048576K
}
Event: 8493.698 GC heap before
{Heap before GC invocations=102 (full 0):
 garbage-first heap   total 175104K, used 152409K [0x0000000080000000, 0x0000000100000000)
  region size 1024K, 8 young (8192K), 2 survivors (2048K)
 Metaspace       used 105905K, capacity 108456K, committed 108748K, reserved 1144832K
  class space    used 13282K, capacity 14221K, committed 14284K, reserved 1048576K
}
Event: 8493.706 GC heap after
{Heap after GC invocations=103 (full 0):
 garbage-first heap   total 175104K, used 146435K [0x0000000080000000, 0x0000000100000000)
  region size 1024K, 1 young (1024K), 1 survivors (1024K)
 Metaspace       used 105905K, capacity 108456K, committed 108748K, reserved 1144832K
  class space    used 13282K, capacity 14221K, committed 14284K, reserved 1048576K
}
Event: 8494.688 GC heap before
{Heap before GC invocations=103 (full 0):
 garbage-first heap   total 175104K, used 153603K [0x0000000080000000, 0x0000000100000000)
  region size 1024K, 8 young (8192K), 1 survivors (1024K)
 Metaspace       used 106478K, capacity 109003K, committed 109260K, reserved 1144832K
  class space    used 13339K, capacity 14253K, committed 14284K, reserved 1048576K
}
Event: 8494.696 GC heap after
{Heap after GC invocations=104 (full 0):
 garbage-first heap   total 175104K, used 146843K [0x0000000080000000, 0x0000000100000000)
  region size 1024K, 1 young (1024K), 1 survivors (1024K)
 Metaspace       used 106478K, capacity 109003K, committed 109260K, reserved 1144832K
  class space    used 13339K, capacity 14253K, committed 14284K, reserved 1048576K
}
Event: 8497.016 GC heap before
{Heap before GC invocations=104 (full 0):
 garbage-first heap   total 175104K, used 154011K [0x0000000080000000, 0x0000000100000000)
  region size 1024K, 8 young (8192K), 1 survivors (1024K)
 Metaspace       used 107711K, capacity 110336K, committed 110540K, reserved 1144832K
  class space    used 13540K, capacity 14515K, committed 14540K, reserved 1048576K
}
Event: 8497.098 GC heap after
{Heap after GC invocations=105 (full 0):
 garbage-first heap   total 175104K, used 147316K [0x0000000080000000, 0x0000000100000000)
  region size 1024K, 1 young (1024K), 1 survivors (1024K)
 Metaspace       used 107711K, capacity 110336K, committed 110540K, reserved 1144832K
  class space    used 13540K, capacity 14515K, committed 14540K, reserved 1048576K
}
Event: 8498.751 GC heap before
{Heap before GC invocations=105 (full 0):
 garbage-first heap   total 175104K, used 154484K [0x0000000080000000, 0x0000000100000000)
  region size 1024K, 8 young (8192K), 1 survivors (1024K)
 Metaspace       used 108746K, capacity 111400K, committed 111564K, reserved 1146880K
  class space    used 13694K, capacity 14679K, committed 14796K, reserved 1048576K
}

