# JRE version: OpenJDK Runtime Environment (11.0.10) (build 11.0.10+0-b96-7249189)
# Java VM: OpenJDK 64-Bit Server VM (11.0.10+0-b96-7249189, mixed mode, tiered, compressed oops, g1 gc, windows-amd64)
Heap:
 garbage-first heap   total 63488K, used 25756K [0x00000000c3200000, 0x0000000100000000)
  region size 1024K, 1 young (1024K), 1 survivors (1024K)
 Metaspace       used 39374K, capacity 39833K, committed 40016K, reserved 1093632K
  class space    used 4705K, capacity 4875K, committed 4988K, reserved 1048576K
GC Heap History (20 events):
Event: 1.986 GC heap before
{Heap before GC invocations=0 (full 0):
 garbage-first heap   total 63488K, used 17408K [0x00000000c3200000, 0x0000000100000000)
  region size 1024K, 14 young (14336K), 0 survivors (0K)
 Metaspace       used 9765K, capacity 9871K, committed 10112K, reserved 1058816K
  class space    used 834K, capacity 884K, committed 896K, reserved 1048576K
}
Event: 1.995 GC heap after
{Heap after GC invocations=1 (full 0):
 garbage-first heap   total 63488K, used 5223K [0x00000000c3200000, 0x0000000100000000)
  region size 1024K, 2 young (2048K), 2 survivors (2048K)
 Metaspace       used 9765K, capacity 9871K, committed 10112K, reserved 1058816K
  class space    used 834K, capacity 884K, committed 896K, reserved 1048576K
}
Event: 4.116 GC heap before
{Heap before GC invocations=1 (full 0):
 garbage-first heap   total 63488K, used 41063K [0x00000000c3200000, 0x0000000100000000)
  region size 1024K, 37 young (37888K), 2 survivors (2048K)
 Metaspace       used 17909K, capacity 18086K, committed 18304K, reserved 1064960K
  class space    used 1788K, capacity 1873K, committed 1920K, reserved 1048576K
}
Event: 4.140 GC heap after
{Heap after GC invocations=2 (full 0):
 garbage-first heap   total 63488K, used 9065K [0x00000000c3200000, 0x0000000100000000)
  region size 1024K, 5 young (5120K), 5 survivors (5120K)
 Metaspace       used 17909K, capacity 18086K, committed 18304K, reserved 1064960K
  class space    used 1788K, capacity 1873K, committed 1920K, reserved 1048576K
}
Event: 4.559 GC heap before
{Heap before GC invocations=2 (full 0):
 garbage-first heap   total 63488K, used 12137K [0x00000000c3200000, 0x0000000100000000)
  region size 1024K, 8 young (8192K), 5 survivors (5120K)
 Metaspace       used 18627K, capacity 18790K, committed 18944K, reserved 1067008K
  class space    used 1918K, capacity 2001K, committed 2048K, reserved 1048576K
}
Event: 4.579 GC heap after
{Heap after GC invocations=3 (full 0):
 garbage-first heap   total 63488K, used 9590K [0x00000000c3200000, 0x0000000100000000)
  region size 1024K, 1 young (1024K), 1 survivors (1024K)
 Metaspace       used 18627K, capacity 18790K, committed 18944K, reserved 1067008K
  class space    used 1918K, capacity 2001K, committed 2048K, reserved 1048576K
}
Event: 5.267 GC heap before
{Heap before GC invocations=3 (full 0):
 garbage-first heap   total 63488K, used 16758K [0x00000000c3200000, 0x0000000100000000)
  region size 1024K, 9 young (9216K), 1 survivors (1024K)
 Metaspace       used 20995K, capacity 21180K, committed 21248K, reserved 1069056K
  class space    used 2209K, capacity 2291K, committed 2304K, reserved 1048576K
}
Event: 5.272 GC heap after
{Heap after GC invocations=4 (full 0):
 garbage-first heap   total 63488K, used 9504K [0x00000000c3200000, 0x0000000100000000)
  region size 1024K, 1 young (1024K), 1 survivors (1024K)
 Metaspace       used 20995K, capacity 21180K, committed 21248K, reserved 1069056K
  class space    used 2209K, capacity 2291K, committed 2304K, reserved 1048576K
}
Event: 6.916 GC heap before
{Heap before GC invocations=5 (full 0):
 garbage-first heap   total 63488K, used 37152K [0x00000000c3200000, 0x0000000100000000)
  region size 1024K, 23 young (23552K), 1 survivors (1024K)
 Metaspace       used 26598K, capacity 27018K, committed 27132K, reserved 1073152K
  class space    used 2829K, capacity 2987K, committed 3068K, reserved 1048576K
}
Event: 6.923 GC heap after
{Heap after GC invocations=6 (full 0):
 garbage-first heap   total 63488K, used 17232K [0x00000000c3200000, 0x0000000100000000)
  region size 1024K, 3 young (3072K), 3 survivors (3072K)
 Metaspace       used 26598K, capacity 27018K, committed 27132K, reserved 1073152K
  class space    used 2829K, capacity 2987K, committed 3068K, reserved 1048576K
}
Event: 11.241 GC heap before
{Heap before GC invocations=6 (full 0):
 garbage-first heap   total 63488K, used 39760K [0x00000000c3200000, 0x0000000100000000)
  region size 1024K, 23 young (23552K), 3 survivors (3072K)
 Metaspace       used 30405K, capacity 30886K, committed 30972K, reserved 1077248K
  class space    used 3584K, capacity 3773K, committed 3836K, reserved 1048576K
}
Event: 11.256 GC heap after
{Heap after GC invocations=7 (full 0):
 garbage-first heap   total 63488K, used 22814K [0x00000000c3200000, 0x0000000100000000)
  region size 1024K, 3 young (3072K), 3 survivors (3072K)
 Metaspace       used 30405K, capacity 30886K, committed 30972K, reserved 1077248K
  class space    used 3584K, capacity 3773K, committed 3836K, reserved 1048576K
}
Event: 12.748 GC heap before
{Heap before GC invocations=7 (full 0):
 garbage-first heap   total 63488K, used 45342K [0x00000000c3200000, 0x0000000100000000)
  region size 1024K, 21 young (21504K), 3 survivors (3072K)
 Metaspace       used 34288K, capacity 34737K, committed 34940K, reserved 1079296K
  class space    used 4227K, capacity 4416K, committed 4476K, reserved 1048576K
}
Event: 12.766 GC heap after
{Heap after GC invocations=8 (full 0):
 garbage-first heap   total 63488K, used 24973K [0x00000000c3200000, 0x0000000100000000)
  region size 1024K, 3 young (3072K), 3 survivors (3072K)
 Metaspace       used 34288K, capacity 34737K, committed 34940K, reserved 1079296K
  class space    used 4227K, capacity 4416K, committed 4476K, reserved 1048576K
}
Event: 14.152 GC heap before
{Heap before GC invocations=8 (full 0):
 garbage-first heap   total 63488K, used 32141K [0x00000000c3200000, 0x0000000100000000)
  region size 1024K, 11 young (11264K), 3 survivors (3072K)
 Metaspace       used 35526K, capacity 35964K, committed 36048K, reserved 1081344K
  class space    used 4360K, capacity 4548K, committed 4604K, reserved 1048576K
}
Event: 14.163 GC heap after
{Heap after GC invocations=9 (full 0):
 garbage-first heap   total 63488K, used 23428K [0x00000000c3200000, 0x0000000100000000)
  region size 1024K, 1 young (1024K), 1 survivors (1024K)
 Metaspace       used 35526K, capacity 35964K, committed 36048K, reserved 1081344K
  class space    used 4360K, capacity 4548K, committed 4604K, reserved 1048576K
}
Event: 15.164 GC heap before
{Heap before GC invocations=10 (full 0):
 garbage-first heap   total 63488K, used 41860K [0x00000000c3200000, 0x0000000100000000)
  region size 1024K, 20 young (20480K), 1 survivors (1024K)
 Metaspace       used 39112K, capacity 39641K, committed 40016K, reserved 1085440K
  class space    used 4689K, capacity 4875K, committed 4988K, reserved 1048576K
}
Event: 15.174 GC heap after
{Heap after GC invocations=11 (full 0):
 garbage-first heap   total 63488K, used 25345K [0x00000000c3200000, 0x0000000100000000)
  region size 1024K, 3 young (3072K), 3 survivors (3072K)
 Metaspace       used 39112K, capacity 39641K, committed 40016K, reserved 1085440K
  class space    used 4689K, capacity 4875K, committed 4988K, reserved 1048576K
}
Event: 15.212 GC heap before
{Heap before GC invocations=11 (full 0):
 garbage-first heap   total 63488K, used 26369K [0x00000000c3200000, 0x0000000100000000)
  region size 1024K, 5 young (5120K), 3 survivors (3072K)
 Metaspace       used 39374K, capacity 39833K, committed 40016K, reserved 1091584K
  class space    used 4705K, capacity 4875K, committed 4988K, reserved 1048576K
}
Event: 15.220 GC heap after
{Heap after GC invocations=12 (full 0):
 garbage-first heap   total 63488K, used 25756K [0x00000000c3200000, 0x0000000100000000)
  region size 1024K, 1 young (1024K), 1 survivors (1024K)
 Metaspace       used 39374K, capacity 39833K, committed 40016K, reserved 1091584K
  class space    used 4705K, capacity 4875K, committed 4988K, reserved 1048576K
}

