# JRE version: OpenJDK Runtime Environment (11.0.10) (build 11.0.10+0-b96-7249189)
# Java VM: OpenJDK 64-Bit Server VM (11.0.10+0-b96-7249189, mixed mode, tiered, compressed oops, g1 gc, windows-amd64)
Heap:
 garbage-first heap   total 239616K, used 103961K [0x0000000080000000, 0x0000000100000000)
  region size 1024K, 3 young (3072K), 3 survivors (3072K)
 Metaspace       used 94515K, capacity 96718K, committed 96972K, reserved 1134592K
  class space    used 11845K, capacity 12678K, committed 12748K, reserved 1048576K
GC Heap History (20 events):
Event: 145.409 GC heap after
{Heap after GC invocations=51 (full 0):
 garbage-first heap   total 133120K, used 105137K [0x0000000080000000, 0x0000000100000000)
  region size 1024K, 1 young (1024K), 1 survivors (1024K)
 Metaspace       used 90032K, capacity 92160K, committed 92236K, reserved 1128448K
  class space    used 11496K, capacity 12294K, committed 12364K, reserved 1048576K
}
Event: 145.837 GC heap before
{Heap before GC invocations=51 (full 0):
 garbage-first heap   total 133120K, used 112305K [0x0000000080000000, 0x0000000100000000)
  region size 1024K, 9 young (9216K), 1 survivors (1024K)
 Metaspace       used 90472K, capacity 92599K, committed 92748K, reserved 1130496K
  class space    used 11530K, capacity 12329K, committed 12364K, reserved 1048576K
}
Event: 145.842 GC heap after
{Heap after GC invocations=52 (full 0):
 garbage-first heap   total 133120K, used 105270K [0x0000000080000000, 0x0000000100000000)
  region size 1024K, 1 young (1024K), 1 survivors (1024K)
 Metaspace       used 90472K, capacity 92599K, committed 92748K, reserved 1130496K
  class space    used 11530K, capacity 12329K, committed 12364K, reserved 1048576K
}
Event: 145.907 GC heap before
{Heap before GC invocations=52 (full 0):
 garbage-first heap   total 133120K, used 113462K [0x0000000080000000, 0x0000000100000000)
  region size 1024K, 9 young (9216K), 1 survivors (1024K)
 Metaspace       used 90474K, capacity 92599K, committed 92748K, reserved 1130496K
  class space    used 11530K, capacity 12329K, committed 12364K, reserved 1048576K
}
Event: 145.911 GC heap after
{Heap after GC invocations=53 (full 0):
 garbage-first heap   total 133120K, used 105374K [0x0000000080000000, 0x0000000100000000)
  region size 1024K, 1 young (1024K), 1 survivors (1024K)
 Metaspace       used 90474K, capacity 92599K, committed 92748K, reserved 1130496K
  class space    used 11530K, capacity 12329K, committed 12364K, reserved 1048576K
}
Event: 146.009 GC heap before
{Heap before GC invocations=53 (full 0):
 garbage-first heap   total 133120K, used 113566K [0x0000000080000000, 0x0000000100000000)
  region size 1024K, 9 young (9216K), 1 survivors (1024K)
 Metaspace       used 90476K, capacity 92599K, committed 92748K, reserved 1130496K
  class space    used 11530K, capacity 12329K, committed 12364K, reserved 1048576K
}
Event: 146.013 GC heap after
{Heap after GC invocations=54 (full 0):
 garbage-first heap   total 133120K, used 105236K [0x0000000080000000, 0x0000000100000000)
  region size 1024K, 1 young (1024K), 1 survivors (1024K)
 Metaspace       used 90476K, capacity 92599K, committed 92748K, reserved 1130496K
  class space    used 11530K, capacity 12329K, committed 12364K, reserved 1048576K
}
Event: 146.115 GC heap before
{Heap before GC invocations=54 (full 0):
 garbage-first heap   total 133120K, used 114452K [0x0000000080000000, 0x0000000100000000)
  region size 1024K, 10 young (10240K), 1 survivors (1024K)
 Metaspace       used 90483K, capacity 92599K, committed 92748K, reserved 1130496K
  class space    used 11530K, capacity 12329K, committed 12364K, reserved 1048576K
}
Event: 146.118 GC heap after
{Heap after GC invocations=55 (full 0):
 garbage-first heap   total 133120K, used 105248K [0x0000000080000000, 0x0000000100000000)
  region size 1024K, 1 young (1024K), 1 survivors (1024K)
 Metaspace       used 90483K, capacity 92599K, committed 92748K, reserved 1130496K
  class space    used 11530K, capacity 12329K, committed 12364K, reserved 1048576K
}
Event: 146.202 GC heap before
{Heap before GC invocations=55 (full 0):
 garbage-first heap   total 133120K, used 114464K [0x0000000080000000, 0x0000000100000000)
  region size 1024K, 10 young (10240K), 1 survivors (1024K)
 Metaspace       used 90484K, capacity 92599K, committed 92748K, reserved 1130496K
  class space    used 11530K, capacity 12329K, committed 12364K, reserved 1048576K
}
Event: 146.204 GC heap after
{Heap after GC invocations=56 (full 0):
 garbage-first heap   total 133120K, used 105251K [0x0000000080000000, 0x0000000100000000)
  region size 1024K, 1 young (1024K), 1 survivors (1024K)
 Metaspace       used 90484K, capacity 92599K, committed 92748K, reserved 1130496K
  class space    used 11530K, capacity 12329K, committed 12364K, reserved 1048576K
}
Event: 146.287 GC heap before
{Heap before GC invocations=56 (full 0):
 garbage-first heap   total 133120K, used 114467K [0x0000000080000000, 0x0000000100000000)
  region size 1024K, 10 young (10240K), 1 survivors (1024K)
 Metaspace       used 90485K, capacity 92599K, committed 92748K, reserved 1130496K
  class space    used 11530K, capacity 12329K, committed 12364K, reserved 1048576K
}
Event: 146.292 GC heap after
{Heap after GC invocations=57 (full 0):
 garbage-first heap   total 159744K, used 105234K [0x0000000080000000, 0x0000000100000000)
  region size 1024K, 1 young (1024K), 1 survivors (1024K)
 Metaspace       used 90485K, capacity 92599K, committed 92748K, reserved 1130496K
  class space    used 11530K, capacity 12329K, committed 12364K, reserved 1048576K
}
Event: 146.800 GC heap before
{Heap before GC invocations=58 (full 0):
 garbage-first heap   total 159744K, used 121618K [0x0000000080000000, 0x0000000100000000)
  region size 1024K, 18 young (18432K), 1 survivors (1024K)
 Metaspace       used 90572K, capacity 92701K, committed 92876K, reserved 1130496K
  class space    used 11538K, capacity 12363K, committed 12492K, reserved 1048576K
}
Event: 146.818 GC heap after
{Heap after GC invocations=59 (full 0):
 garbage-first heap   total 159744K, used 109483K [0x0000000080000000, 0x0000000100000000)
  region size 1024K, 3 young (3072K), 3 survivors (3072K)
 Metaspace       used 90572K, capacity 92701K, committed 92876K, reserved 1130496K
  class space    used 11538K, capacity 12363K, committed 12492K, reserved 1048576K
}
Event: 147.492 GC heap before
{Heap before GC invocations=60 (full 0):
 garbage-first heap   total 159744K, used 141227K [0x0000000080000000, 0x0000000100000000)
  region size 1024K, 20 young (20480K), 3 survivors (3072K)
 Metaspace       used 91025K, capacity 93181K, committed 93388K, reserved 1130496K
  class space    used 11566K, capacity 12381K, committed 12492K, reserved 1048576K
}
Event: 147.511 GC heap after
{Heap after GC invocations=61 (full 0):
 garbage-first heap   total 159744K, used 111508K [0x0000000080000000, 0x0000000100000000)
  region size 1024K, 3 young (3072K), 3 survivors (3072K)
 Metaspace       used 91025K, capacity 93181K, committed 93388K, reserved 1130496K
  class space    used 11566K, capacity 12381K, committed 12492K, reserved 1048576K
}
Event: 148.249 GC heap before
{Heap before GC invocations=61 (full 0):
 garbage-first heap   total 159744K, used 127892K [0x0000000080000000, 0x0000000100000000)
  region size 1024K, 20 young (20480K), 3 survivors (3072K)
 Metaspace       used 92560K, capacity 94798K, committed 95052K, reserved 1132544K
  class space    used 11677K, capacity 12486K, committed 12620K, reserved 1048576K
}
Event: 148.266 GC heap after
{Heap after GC invocations=62 (full 0):
 garbage-first heap   total 159744K, used 114168K [0x0000000080000000, 0x0000000100000000)
  region size 1024K, 3 young (3072K), 3 survivors (3072K)
 Metaspace       used 92560K, capacity 94798K, committed 95052K, reserved 1132544K
  class space    used 11677K, capacity 12486K, committed 12620K, reserved 1048576K
}
Event: 150.742 GC heap before
{Heap before GC invocations=63 (full 0):
 garbage-first heap   total 159744K, used 117240K [0x0000000080000000, 0x0000000100000000)
  region size 1024K, 19 young (19456K), 3 survivors (3072K)
 Metaspace       used 94515K, capacity 96718K, committed 96972K, reserved 1134592K
  class space    used 11845K, capacity 12678K, committed 12748K, reserved 1048576K
}

