# JRE version: OpenJDK Runtime Environment (11.0.10) (build 11.0.10+0-b96-7249189)
# Java VM: OpenJDK 64-Bit Server VM (11.0.10+0-b96-7249189, mixed mode, tiered, compressed oops, g1 gc, windows-amd64)
Heap:
 garbage-first heap   total 63488K, used 17654K [0x00000000c3200000, 0x0000000100000000)
  region size 1024K, 1 young (1024K), 1 survivors (1024K)
 Metaspace       used 27645K, capacity 28118K, committed 28284K, reserved 1075200K
  class space    used 2979K, capacity 3148K, committed 3196K, reserved 1048576K
GC Heap History (10 events):
Event: 3.314 GC heap before
{Heap before GC invocations=0 (full 0):
 garbage-first heap   total 63488K, used 17408K [0x00000000c3200000, 0x0000000100000000)
  region size 1024K, 14 young (14336K), 0 survivors (0K)
 Metaspace       used 9776K, capacity 9871K, committed 10112K, reserved 1058816K
  class space    used 834K, capacity 884K, committed 896K, reserved 1048576K
}
Event: 3.322 GC heap after
{Heap after GC invocations=1 (full 0):
 garbage-first heap   total 63488K, used 5212K [0x00000000c3200000, 0x0000000100000000)
  region size 1024K, 2 young (2048K), 2 survivors (2048K)
 Metaspace       used 9776K, capacity 9871K, committed 10112K, reserved 1058816K
  class space    used 834K, capacity 884K, committed 896K, reserved 1048576K
}
Event: 5.308 GC heap before
{Heap before GC invocations=1 (full 0):
 garbage-first heap   total 63488K, used 41052K [0x00000000c3200000, 0x0000000100000000)
  region size 1024K, 37 young (37888K), 2 survivors (2048K)
 Metaspace       used 17925K, capacity 18150K, committed 18304K, reserved 1064960K
  class space    used 1789K, capacity 1873K, committed 1920K, reserved 1048576K
}
Event: 5.325 GC heap after
{Heap after GC invocations=2 (full 0):
 garbage-first heap   total 63488K, used 8898K [0x00000000c3200000, 0x0000000100000000)
  region size 1024K, 5 young (5120K), 5 survivors (5120K)
 Metaspace       used 17925K, capacity 18150K, committed 18304K, reserved 1064960K
  class space    used 1789K, capacity 1873K, committed 1920K, reserved 1048576K
}
Event: 6.430 GC heap before
{Heap before GC invocations=2 (full 0):
 garbage-first heap   total 63488K, used 19138K [0x00000000c3200000, 0x0000000100000000)
  region size 1024K, 16 young (16384K), 5 survivors (5120K)
 Metaspace       used 20982K, capacity 21180K, committed 21248K, reserved 1069056K
  class space    used 2208K, capacity 2291K, committed 2304K, reserved 1048576K
}
Event: 6.450 GC heap after
{Heap after GC invocations=3 (full 0):
 garbage-first heap   total 63488K, used 9708K [0x00000000c3200000, 0x0000000100000000)
  region size 1024K, 1 young (1024K), 1 survivors (1024K)
 Metaspace       used 20982K, capacity 21180K, committed 21248K, reserved 1069056K
  class space    used 2208K, capacity 2291K, committed 2304K, reserved 1048576K
}
Event: 8.020 GC heap before
{Heap before GC invocations=4 (full 0):
 garbage-first heap   total 63488K, used 37356K [0x00000000c3200000, 0x0000000100000000)
  region size 1024K, 23 young (23552K), 1 survivors (1024K)
 Metaspace       used 26593K, capacity 26986K, committed 27132K, reserved 1073152K
  class space    used 2831K, capacity 3019K, committed 3068K, reserved 1048576K
}
Event: 8.026 GC heap after
{Heap after GC invocations=5 (full 0):
 garbage-first heap   total 63488K, used 17303K [0x00000000c3200000, 0x0000000100000000)
  region size 1024K, 3 young (3072K), 3 survivors (3072K)
 Metaspace       used 26593K, capacity 26986K, committed 27132K, reserved 1073152K
  class space    used 2831K, capacity 3019K, committed 3068K, reserved 1048576K
}
Event: 8.487 GC heap before
{Heap before GC invocations=5 (full 0):
 garbage-first heap   total 63488K, used 21399K [0x00000000c3200000, 0x0000000100000000)
  region size 1024K, 8 young (8192K), 3 survivors (3072K)
 Metaspace       used 27645K, capacity 28118K, committed 28284K, reserved 1075200K
  class space    used 2979K, capacity 3148K, committed 3196K, reserved 1048576K
}
Event: 8.496 GC heap after
{Heap after GC invocations=6 (full 0):
 garbage-first heap   total 63488K, used 17654K [0x00000000c3200000, 0x0000000100000000)
  region size 1024K, 1 young (1024K), 1 survivors (1024K)
 Metaspace       used 27645K, capacity 28118K, committed 28284K, reserved 1075200K
  class space    used 2979K, capacity 3148K, committed 3196K, reserved 1048576K
}

