# JRE version: OpenJDK Runtime Environment (11.0.10) (build 11.0.10+0-b96-7249189)
# Java VM: OpenJDK 64-Bit Server VM (11.0.10+0-b96-7249189, mixed mode, tiered, compressed oops, g1 gc, windows-amd64)
Heap:
 garbage-first heap   total 63488K, used 34555K [0x00000000c3200000, 0x0000000100000000)
  region size 1024K, 7 young (7168K), 3 survivors (3072K)
 Metaspace       used 47633K, capacity 48229K, committed 48336K, reserved 1091584K
  class space    used 5575K, capacity 5833K, committed 5884K, reserved 1048576K
GC Heap History (20 events):
Event: 1.963 GC heap before
{Heap before GC invocations=0 (full 0):
 garbage-first heap   total 63488K, used 17408K [0x00000000c3200000, 0x0000000100000000)
  region size 1024K, 14 young (14336K), 0 survivors (0K)
 Metaspace       used 9754K, capacity 9871K, committed 10112K, reserved 1058816K
  class space    used 834K, capacity 884K, committed 896K, reserved 1048576K
}
Event: 1.969 GC heap after
{Heap after GC invocations=1 (full 0):
 garbage-first heap   total 63488K, used 5260K [0x00000000c3200000, 0x0000000100000000)
  region size 1024K, 2 young (2048K), 2 survivors (2048K)
 Metaspace       used 9754K, capacity 9871K, committed 10112K, reserved 1058816K
  class space    used 834K, capacity 884K, committed 896K, reserved 1048576K
}
Event: 4.038 GC heap before
{Heap before GC invocations=1 (full 0):
 garbage-first heap   total 63488K, used 41100K [0x00000000c3200000, 0x0000000100000000)
  region size 1024K, 37 young (37888K), 2 survivors (2048K)
 Metaspace       used 17945K, capacity 18150K, committed 18304K, reserved 1064960K
  class space    used 1788K, capacity 1873K, committed 1920K, reserved 1048576K
}
Event: 4.059 GC heap after
{Heap after GC invocations=2 (full 0):
 garbage-first heap   total 63488K, used 9103K [0x00000000c3200000, 0x0000000100000000)
  region size 1024K, 5 young (5120K), 5 survivors (5120K)
 Metaspace       used 17945K, capacity 18150K, committed 18304K, reserved 1064960K
  class space    used 1788K, capacity 1873K, committed 1920K, reserved 1048576K
}
Event: 5.501 GC heap before
{Heap before GC invocations=2 (full 0):
 garbage-first heap   total 63488K, used 19343K [0x00000000c3200000, 0x0000000100000000)
  region size 1024K, 16 young (16384K), 5 survivors (5120K)
 Metaspace       used 20977K, capacity 21180K, committed 21248K, reserved 1069056K
  class space    used 2203K, capacity 2291K, committed 2304K, reserved 1048576K
}
Event: 5.520 GC heap after
{Heap after GC invocations=3 (full 0):
 garbage-first heap   total 63488K, used 9642K [0x00000000c3200000, 0x0000000100000000)
  region size 1024K, 1 young (1024K), 1 survivors (1024K)
 Metaspace       used 20977K, capacity 21180K, committed 21248K, reserved 1069056K
  class space    used 2203K, capacity 2291K, committed 2304K, reserved 1048576K
}
Event: 7.135 GC heap before
{Heap before GC invocations=4 (full 0):
 garbage-first heap   total 63488K, used 38314K [0x00000000c3200000, 0x0000000100000000)
  region size 1024K, 23 young (23552K), 1 survivors (1024K)
 Metaspace       used 26600K, capacity 27018K, committed 27132K, reserved 1073152K
  class space    used 2829K, capacity 2987K, committed 3068K, reserved 1048576K
}
Event: 7.141 GC heap after
{Heap after GC invocations=5 (full 0):
 garbage-first heap   total 63488K, used 17403K [0x00000000c3200000, 0x0000000100000000)
  region size 1024K, 3 young (3072K), 3 survivors (3072K)
 Metaspace       used 26600K, capacity 27018K, committed 27132K, reserved 1073152K
  class space    used 2829K, capacity 2987K, committed 3068K, reserved 1048576K
}
Event: 10.891 GC heap before
{Heap before GC invocations=5 (full 0):
 garbage-first heap   total 63488K, used 40955K [0x00000000c3200000, 0x0000000100000000)
  region size 1024K, 24 young (24576K), 3 survivors (3072K)
 Metaspace       used 30391K, capacity 30822K, committed 30972K, reserved 1077248K
  class space    used 3583K, capacity 3773K, committed 3836K, reserved 1048576K
}
Event: 10.912 GC heap after
{Heap after GC invocations=6 (full 0):
 garbage-first heap   total 63488K, used 23349K [0x00000000c3200000, 0x0000000100000000)
  region size 1024K, 3 young (3072K), 3 survivors (3072K)
 Metaspace       used 30391K, capacity 30822K, committed 30972K, reserved 1077248K
  class space    used 3583K, capacity 3773K, committed 3836K, reserved 1048576K
}
Event: 12.546 GC heap before
{Heap before GC invocations=6 (full 0):
 garbage-first heap   total 63488K, used 46901K [0x00000000c3200000, 0x0000000100000000)
  region size 1024K, 22 young (22528K), 3 survivors (3072K)
 Metaspace       used 34669K, capacity 35153K, committed 35196K, reserved 1079296K
  class space    used 4264K, capacity 4448K, committed 4476K, reserved 1048576K
}
Event: 12.559 GC heap after
{Heap after GC invocations=7 (full 0):
 garbage-first heap   total 63488K, used 25294K [0x00000000c3200000, 0x0000000100000000)
  region size 1024K, 3 young (3072K), 3 survivors (3072K)
 Metaspace       used 34669K, capacity 35153K, committed 35196K, reserved 1079296K
  class space    used 4264K, capacity 4448K, committed 4476K, reserved 1048576K
}
Event: 13.571 GC heap before
{Heap before GC invocations=7 (full 0):
 garbage-first heap   total 63488K, used 29390K [0x00000000c3200000, 0x0000000100000000)
  region size 1024K, 8 young (8192K), 3 survivors (3072K)
 Metaspace       used 35469K, capacity 35874K, committed 36048K, reserved 1081344K
  class space    used 4345K, capacity 4516K, committed 4604K, reserved 1048576K
}
Event: 13.582 GC heap after
{Heap after GC invocations=8 (full 0):
 garbage-first heap   total 63488K, used 23759K [0x00000000c3200000, 0x0000000100000000)
  region size 1024K, 1 young (1024K), 1 survivors (1024K)
 Metaspace       used 35469K, capacity 35874K, committed 36048K, reserved 1081344K
  class space    used 4345K, capacity 4516K, committed 4604K, reserved 1048576K
}
Event: 15.076 GC heap before
{Heap before GC invocations=9 (full 0):
 garbage-first heap   total 63488K, used 42191K [0x00000000c3200000, 0x0000000100000000)
  region size 1024K, 20 young (20480K), 1 survivors (1024K)
 Metaspace       used 39104K, capacity 39615K, committed 40016K, reserved 1085440K
  class space    used 4681K, capacity 4843K, committed 4988K, reserved 1048576K
}
Event: 15.086 GC heap after
{Heap after GC invocations=10 (full 0):
 garbage-first heap   total 63488K, used 25645K [0x00000000c3200000, 0x0000000100000000)
  region size 1024K, 3 young (3072K), 3 survivors (3072K)
 Metaspace       used 39104K, capacity 39615K, committed 40016K, reserved 1085440K
  class space    used 4681K, capacity 4843K, committed 4988K, reserved 1048576K
}
Event: 16.883 GC heap before
{Heap before GC invocations=10 (full 0):
 garbage-first heap   total 63488K, used 44077K [0x00000000c3200000, 0x0000000100000000)
  region size 1024K, 21 young (21504K), 3 survivors (3072K)
 Metaspace       used 43493K, capacity 44051K, committed 44240K, reserved 1087488K
  class space    used 5122K, capacity 5338K, committed 5372K, reserved 1048576K
}
Event: 16.898 GC heap after
{Heap after GC invocations=11 (full 0):
 garbage-first heap   total 63488K, used 26850K [0x00000000c3200000, 0x0000000100000000)
  region size 1024K, 2 young (2048K), 2 survivors (2048K)
 Metaspace       used 43493K, capacity 44051K, committed 44240K, reserved 1087488K
  class space    used 5122K, capacity 5338K, committed 5372K, reserved 1048576K
}
Event: 18.786 GC heap before
{Heap before GC invocations=11 (full 0):
 garbage-first heap   total 63488K, used 47330K [0x00000000c3200000, 0x0000000100000000)
  region size 1024K, 20 young (20480K), 2 survivors (2048K)
 Metaspace       used 46915K, capacity 47536K, committed 47824K, reserved 1091584K
  class space    used 5481K, capacity 5732K, committed 5884K, reserved 1048576K
}
Event: 18.800 GC heap after
{Heap after GC invocations=12 (full 0):
 garbage-first heap   total 63488K, used 31483K [0x00000000c3200000, 0x0000000100000000)
  region size 1024K, 3 young (3072K), 3 survivors (3072K)
 Metaspace       used 46915K, capacity 47536K, committed 47824K, reserved 1091584K
  class space    used 5481K, capacity 5732K, committed 5884K, reserved 1048576K
}

