# JRE version: OpenJDK Runtime Environment (11.0.11+9) (build 11.0.11+9-b60-7590822)
# Java VM: OpenJDK 64-Bit Server VM (11.0.11+9-b60-7590822, mixed mode, tiered, compressed oops, g1 gc, windows-amd64)
Heap:
 garbage-first heap   total 399360K, used 170727K [0x0000000700000000, 0x0000000800000000)
  region size 1024K, 73 young (74752K), 28 survivors (28672K)
 Metaspace       used 95569K, capacity 98056K, committed 98068K, reserved 1134592K
  class space    used 12147K, capacity 12996K, committed 13004K, reserved 1048576K
GC Heap History (20 events):
Event: 426.408 GC heap before
{Heap before GC invocations=71 (full 0):
 garbage-first heap   total 243712K, used 208978K [0x0000000700000000, 0x0000000800000000)
  region size 1024K, 127 young (130048K), 7 survivors (7168K)
 Metaspace       used 67030K, capacity 69051K, committed 69268K, reserved 1110016K
  class space    used 8295K, capacity 8963K, committed 9036K, reserved 1048576K
}
Event: 426.491 GC heap after
{Heap after GC invocations=72 (full 0):
 garbage-first heap   total 243712K, used 87521K [0x0000000700000000, 0x0000000800000000)
  region size 1024K, 8 young (8192K), 8 survivors (8192K)
 Metaspace       used 67030K, capacity 69051K, committed 69268K, reserved 1110016K
  class space    used 8295K, capacity 8963K, committed 9036K, reserved 1048576K
}
Event: 427.408 GC heap before
{Heap before GC invocations=72 (full 0):
 garbage-first heap   total 243712K, used 210401K [0x0000000700000000, 0x0000000800000000)
  region size 1024K, 128 young (131072K), 8 survivors (8192K)
 Metaspace       used 67030K, capacity 69051K, committed 69268K, reserved 1110016K
  class space    used 8295K, capacity 8963K, committed 9036K, reserved 1048576K
}
Event: 427.621 GC heap after
{Heap after GC invocations=73 (full 0):
 garbage-first heap   total 243712K, used 87017K [0x0000000700000000, 0x0000000800000000)
  region size 1024K, 8 young (8192K), 8 survivors (8192K)
 Metaspace       used 67030K, capacity 69051K, committed 69268K, reserved 1110016K
  class space    used 8295K, capacity 8963K, committed 9036K, reserved 1048576K
}
Event: 428.332 GC heap before
{Heap before GC invocations=73 (full 0):
 garbage-first heap   total 243712K, used 209897K [0x0000000700000000, 0x0000000800000000)
  region size 1024K, 128 young (131072K), 8 survivors (8192K)
 Metaspace       used 67030K, capacity 69051K, committed 69268K, reserved 1110016K
  class space    used 8295K, capacity 8963K, committed 9036K, reserved 1048576K
}
Event: 428.455 GC heap after
{Heap after GC invocations=74 (full 0):
 garbage-first heap   total 243712K, used 88409K [0x0000000700000000, 0x0000000800000000)
  region size 1024K, 9 young (9216K), 9 survivors (9216K)
 Metaspace       used 67030K, capacity 69051K, committed 69268K, reserved 1110016K
  class space    used 8295K, capacity 8963K, committed 9036K, reserved 1048576K
}
Event: 430.169 GC heap before
{Heap before GC invocations=74 (full 0):
 garbage-first heap   total 243712K, used 209241K [0x0000000700000000, 0x0000000800000000)
  region size 1024K, 127 young (130048K), 9 survivors (9216K)
 Metaspace       used 67031K, capacity 69051K, committed 69268K, reserved 1110016K
  class space    used 8295K, capacity 8963K, committed 9036K, reserved 1048576K
}
Event: 430.304 GC heap after
{Heap after GC invocations=75 (full 0):
 garbage-first heap   total 399360K, used 88971K [0x0000000700000000, 0x0000000800000000)
  region size 1024K, 8 young (8192K), 8 survivors (8192K)
 Metaspace       used 67031K, capacity 69051K, committed 69268K, reserved 1110016K
  class space    used 8295K, capacity 8963K, committed 9036K, reserved 1048576K
}
Event: 431.297 GC heap before
{Heap before GC invocations=75 (full 0):
 garbage-first heap   total 399360K, used 217995K [0x0000000700000000, 0x0000000800000000)
  region size 1024K, 134 young (137216K), 8 survivors (8192K)
 Metaspace       used 67031K, capacity 69051K, committed 69268K, reserved 1110016K
  class space    used 8295K, capacity 8963K, committed 9036K, reserved 1048576K
}
Event: 431.377 GC heap after
{Heap after GC invocations=76 (full 0):
 garbage-first heap   total 399360K, used 89770K [0x0000000700000000, 0x0000000800000000)
  region size 1024K, 9 young (9216K), 9 survivors (9216K)
 Metaspace       used 67031K, capacity 69051K, committed 69268K, reserved 1110016K
  class space    used 8295K, capacity 8963K, committed 9036K, reserved 1048576K
}
Event: 439.111 GC heap before
{Heap before GC invocations=76 (full 0):
 garbage-first heap   total 399360K, used 221866K [0x0000000700000000, 0x0000000800000000)
  region size 1024K, 138 young (141312K), 9 survivors (9216K)
 Metaspace       used 67031K, capacity 69051K, committed 69268K, reserved 1110016K
  class space    used 8295K, capacity 8963K, committed 9036K, reserved 1048576K
}
Event: 439.130 GC heap after
{Heap after GC invocations=77 (full 0):
 garbage-first heap   total 399360K, used 90123K [0x0000000700000000, 0x0000000800000000)
  region size 1024K, 9 young (9216K), 9 survivors (9216K)
 Metaspace       used 67031K, capacity 69051K, committed 69268K, reserved 1110016K
  class space    used 8295K, capacity 8963K, committed 9036K, reserved 1048576K
}
Event: 456.585 GC heap before
{Heap before GC invocations=77 (full 0):
 garbage-first heap   total 399360K, used 252939K [0x0000000700000000, 0x0000000800000000)
  region size 1024K, 165 young (168960K), 9 survivors (9216K)
 Metaspace       used 67129K, capacity 69178K, committed 69268K, reserved 1110016K
  class space    used 8307K, capacity 9004K, committed 9036K, reserved 1048576K
}
Event: 456.646 GC heap after
{Heap after GC invocations=78 (full 0):
 garbage-first heap   total 399360K, used 84030K [0x0000000700000000, 0x0000000800000000)
  region size 1024K, 3 young (3072K), 3 survivors (3072K)
 Metaspace       used 67129K, capacity 69178K, committed 69268K, reserved 1110016K
  class space    used 8307K, capacity 9004K, committed 9036K, reserved 1048576K
}
Event: 463.683 GC heap before
{Heap before GC invocations=78 (full 0):
 garbage-first heap   total 399360K, used 320574K [0x0000000700000000, 0x0000000800000000)
  region size 1024K, 234 young (239616K), 3 survivors (3072K)
 Metaspace       used 67129K, capacity 69178K, committed 69268K, reserved 1110016K
  class space    used 8307K, capacity 9004K, committed 9036K, reserved 1048576K
}
Event: 463.736 GC heap after
{Heap after GC invocations=79 (full 0):
 garbage-first heap   total 399360K, used 86734K [0x0000000700000000, 0x0000000800000000)
  region size 1024K, 5 young (5120K), 5 survivors (5120K)
 Metaspace       used 67129K, capacity 69178K, committed 69268K, reserved 1110016K
  class space    used 8307K, capacity 9004K, committed 9036K, reserved 1048576K
}
Event: 488.740 GC heap before
{Heap before GC invocations=79 (full 0):
 garbage-first heap   total 399360K, used 329422K [0x0000000700000000, 0x0000000800000000)
  region size 1024K, 234 young (239616K), 5 survivors (5120K)
 Metaspace       used 77506K, capacity 79708K, committed 79892K, reserved 1118208K
  class space    used 9618K, capacity 10371K, committed 10444K, reserved 1048576K
}
Event: 488.812 GC heap after
{Heap after GC invocations=80 (full 0):
 garbage-first heap   total 399360K, used 102949K [0x0000000700000000, 0x0000000800000000)
  region size 1024K, 15 young (15360K), 15 survivors (15360K)
 Metaspace       used 77506K, capacity 79708K, committed 79892K, reserved 1118208K
  class space    used 9618K, capacity 10371K, committed 10444K, reserved 1048576K
}
Event: 540.508 GC heap before
{Heap before GC invocations=80 (full 0):
 garbage-first heap   total 399360K, used 337445K [0x0000000700000000, 0x0000000800000000)
  region size 1024K, 234 young (239616K), 15 survivors (15360K)
 Metaspace       used 93641K, capacity 96159K, committed 96276K, reserved 1132544K
  class space    used 11885K, capacity 12737K, committed 12748K, reserved 1048576K
}
Event: 540.599 GC heap after
{Heap after GC invocations=81 (full 0):
 garbage-first heap   total 399360K, used 125671K [0x0000000700000000, 0x0000000800000000)
  region size 1024K, 28 young (28672K), 28 survivors (28672K)
 Metaspace       used 93641K, capacity 96159K, committed 96276K, reserved 1132544K
  class space    used 11885K, capacity 12737K, committed 12748K, reserved 1048576K
}

