# JRE version: OpenJDK Runtime Environment (11.0.10) (build 11.0.10+0-b96-7249189)
# Java VM: OpenJDK 64-Bit Server VM (11.0.10+0-b96-7249189, mixed mode, tiered, compressed oops, g1 gc, windows-amd64)
Heap:
 garbage-first heap   total 275456K, used 131907K [0x0000000080000000, 0x0000000100000000)
  region size 1024K, 1 young (1024K), 1 survivors (1024K)
 Metaspace       used 134327K, capacity 137640K, committed 137676K, reserved 1169408K
  class space    used 16829K, capacity 18091K, committed 18124K, reserved 1048576K
GC Heap History (20 events):
Event: 166.416 GC heap after
{Heap after GC invocations=97 (full 0):
 garbage-first heap   total 164864K, used 142645K [0x0000000080000000, 0x0000000100000000)
  region size 1024K, 1 young (1024K), 1 survivors (1024K)
 Metaspace       used 123632K, capacity 126382K, committed 126412K, reserved 1159168K
  class space    used 15279K, capacity 16328K, committed 16332K, reserved 1048576K
}
Event: 166.750 GC heap before
{Heap before GC invocations=97 (full 0):
 garbage-first heap   total 164864K, used 149813K [0x0000000080000000, 0x0000000100000000)
  region size 1024K, 8 young (8192K), 1 survivors (1024K)
 Metaspace       used 124414K, capacity 127214K, committed 127436K, reserved 1161216K
  class space    used 15384K, capacity 16456K, committed 16588K, reserved 1048576K
}
Event: 166.760 GC heap after
{Heap after GC invocations=98 (full 0):
 garbage-first heap   total 164864K, used 143995K [0x0000000080000000, 0x0000000100000000)
  region size 1024K, 1 young (1024K), 1 survivors (1024K)
 Metaspace       used 124414K, capacity 127214K, committed 127436K, reserved 1161216K
  class space    used 15384K, capacity 16456K, committed 16588K, reserved 1048576K
}
Event: 167.090 GC heap before
{Heap before GC invocations=99 (full 0):
 garbage-first heap   total 164864K, used 151163K [0x0000000080000000, 0x0000000100000000)
  region size 1024K, 8 young (8192K), 1 survivors (1024K)
 Metaspace       used 124830K, capacity 127631K, committed 127948K, reserved 1161216K
  class space    used 15394K, capacity 16466K, committed 16588K, reserved 1048576K
}
Event: 167.099 GC heap after
{Heap after GC invocations=100 (full 0):
 garbage-first heap   total 164864K, used 144749K [0x0000000080000000, 0x0000000100000000)
  region size 1024K, 1 young (1024K), 1 survivors (1024K)
 Metaspace       used 124830K, capacity 127631K, committed 127948K, reserved 1161216K
  class space    used 15394K, capacity 16466K, committed 16588K, reserved 1048576K
}
Event: 167.459 GC heap before
{Heap before GC invocations=100 (full 0):
 garbage-first heap   total 164864K, used 150893K [0x0000000080000000, 0x0000000100000000)
  region size 1024K, 8 young (8192K), 1 survivors (1024K)
 Metaspace       used 124951K, capacity 127720K, committed 127948K, reserved 1161216K
  class space    used 15408K, capacity 16473K, committed 16588K, reserved 1048576K
}
Event: 167.479 GC heap after
{Heap after GC invocations=101 (full 0):
 garbage-first heap   total 164864K, used 131285K [0x0000000080000000, 0x0000000100000000)
  region size 1024K, 1 young (1024K), 1 survivors (1024K)
 Metaspace       used 124951K, capacity 127720K, committed 127948K, reserved 1161216K
  class space    used 15408K, capacity 16473K, committed 16588K, reserved 1048576K
}
Event: 167.653 GC heap before
{Heap before GC invocations=101 (full 0):
 garbage-first heap   total 164864K, used 138453K [0x0000000080000000, 0x0000000100000000)
  region size 1024K, 9 young (9216K), 1 survivors (1024K)
 Metaspace       used 124951K, capacity 127720K, committed 127948K, reserved 1161216K
  class space    used 15408K, capacity 16473K, committed 16588K, reserved 1048576K
}
Event: 167.661 GC heap after
{Heap after GC invocations=102 (full 0):
 garbage-first heap   total 164864K, used 131735K [0x0000000080000000, 0x0000000100000000)
  region size 1024K, 2 young (2048K), 2 survivors (2048K)
 Metaspace       used 124951K, capacity 127720K, committed 127948K, reserved 1161216K
  class space    used 15408K, capacity 16473K, committed 16588K, reserved 1048576K
}
Event: 168.149 GC heap before
{Heap before GC invocations=102 (full 0):
 garbage-first heap   total 164864K, used 133783K [0x0000000080000000, 0x0000000100000000)
  region size 1024K, 6 young (6144K), 2 survivors (2048K)
 Metaspace       used 125060K, capacity 127849K, committed 128204K, reserved 1161216K
  class space    used 15416K, capacity 16473K, committed 16588K, reserved 1048576K
}
Event: 168.156 GC heap after
{Heap after GC invocations=103 (full 0):
 garbage-first heap   total 164864K, used 132178K [0x0000000080000000, 0x0000000100000000)
  region size 1024K, 1 young (1024K), 1 survivors (1024K)
 Metaspace       used 125060K, capacity 127849K, committed 128204K, reserved 1161216K
  class space    used 15416K, capacity 16473K, committed 16588K, reserved 1048576K
}
Event: 169.014 GC heap before
{Heap before GC invocations=104 (full 0):
 garbage-first heap   total 164864K, used 143442K [0x0000000080000000, 0x0000000100000000)
  region size 1024K, 9 young (9216K), 1 survivors (1024K)
 Metaspace       used 125929K, capacity 128725K, committed 128844K, reserved 1161216K
  class space    used 15554K, capacity 16628K, committed 16716K, reserved 1048576K
}
Event: 169.026 GC heap after
{Heap after GC invocations=105 (full 0):
 garbage-first heap   total 198656K, used 132606K [0x0000000080000000, 0x0000000100000000)
  region size 1024K, 2 young (2048K), 2 survivors (2048K)
 Metaspace       used 125929K, capacity 128725K, committed 128844K, reserved 1161216K
  class space    used 15554K, capacity 16628K, committed 16716K, reserved 1048576K
}
Event: 169.064 GC heap before
{Heap before GC invocations=105 (full 0):
 garbage-first heap   total 198656K, used 138750K [0x0000000080000000, 0x0000000100000000)
  region size 1024K, 9 young (9216K), 2 survivors (2048K)
 Metaspace       used 125985K, capacity 128803K, committed 129100K, reserved 1161216K
  class space    used 15561K, capacity 16632K, committed 16716K, reserved 1048576K
}
Event: 169.072 GC heap after
{Heap after GC invocations=106 (full 0):
 garbage-first heap   total 198656K, used 122078K [0x0000000080000000, 0x0000000100000000)
  region size 1024K, 2 young (2048K), 2 survivors (2048K)
 Metaspace       used 125985K, capacity 128803K, committed 129100K, reserved 1161216K
  class space    used 15561K, capacity 16632K, committed 16716K, reserved 1048576K
}
Event: 169.731 GC heap before
{Heap before GC invocations=106 (full 0):
 garbage-first heap   total 198656K, used 145630K [0x0000000080000000, 0x0000000100000000)
  region size 1024K, 26 young (26624K), 2 survivors (2048K)
 Metaspace       used 128890K, capacity 131882K, committed 132044K, reserved 1165312K
  class space    used 15959K, capacity 17069K, committed 17100K, reserved 1048576K
}
Event: 169.751 GC heap after
{Heap after GC invocations=107 (full 0):
 garbage-first heap   total 198656K, used 127372K [0x0000000080000000, 0x0000000100000000)
  region size 1024K, 4 young (4096K), 4 survivors (4096K)
 Metaspace       used 128890K, capacity 131882K, committed 132044K, reserved 1165312K
  class space    used 15959K, capacity 17069K, committed 17100K, reserved 1048576K
}
Event: 170.221 GC heap before
{Heap before GC invocations=107 (full 0):
 garbage-first heap   total 198656K, used 150924K [0x0000000080000000, 0x0000000100000000)
  region size 1024K, 27 young (27648K), 4 survivors (4096K)
 Metaspace       used 131598K, capacity 134765K, committed 134988K, reserved 1167360K
  class space    used 16395K, capacity 17620K, committed 17740K, reserved 1048576K
}
Event: 170.245 GC heap after
{Heap after GC invocations=108 (full 0):
 garbage-first heap   total 198656K, used 131109K [0x0000000080000000, 0x0000000100000000)
  region size 1024K, 4 young (4096K), 4 survivors (4096K)
 Metaspace       used 131598K, capacity 134765K, committed 134988K, reserved 1167360K
  class space    used 16395K, capacity 17620K, committed 17740K, reserved 1048576K
}
Event: 170.935 GC heap before
{Heap before GC invocations=108 (full 0):
 garbage-first heap   total 198656K, used 154661K [0x0000000080000000, 0x0000000100000000)
  region size 1024K, 27 young (27648K), 4 survivors (4096K)
 Metaspace       used 134327K, capacity 137640K, committed 137676K, reserved 1169408K
  class space    used 16829K, capacity 18091K, committed 18124K, reserved 1048576K
}

