# JRE version: OpenJDK Runtime Environment (11.0.11+9) (build 11.0.11+9-b60-7590822)
# Java VM: OpenJDK 64-Bit Server VM (11.0.11+9-b60-7590822, mixed mode, tiered, compressed oops, g1 gc, windows-amd64)
Heap:
 garbage-first heap   total 890880K, used 241981K [0x0000000700000000, 0x0000000800000000)
  region size 1024K, 1 young (1024K), 1 survivors (1024K)
 Metaspace       used 178963K, capacity 184144K, committed 184396K, reserved 1208320K
  class space    used 22662K, capacity 24620K, committed 24704K, reserved 1048576K
GC Heap History (20 events):
Event: 1728.230 GC heap after
{Heap after GC invocations=128 (full 0):
 garbage-first heap   total 558080K, used 222175K [0x0000000700000000, 0x0000000800000000)
  region size 1024K, 3 young (3072K), 3 survivors (3072K)
 Metaspace       used 161592K, capacity 166564K, committed 166732K, reserved 1193984K
  class space    used 20196K, capacity 22054K, committed 22144K, reserved 1048576K
}
Event: 1731.334 GC heap before
{Heap before GC invocations=128 (full 0):
 garbage-first heap   total 558080K, used 250847K [0x0000000700000000, 0x0000000800000000)
  region size 1024K, 32 young (32768K), 3 survivors (3072K)
 Metaspace       used 163728K, capacity 168676K, committed 168780K, reserved 1196032K
  class space    used 20479K, capacity 22352K, committed 22400K, reserved 1048576K
}
Event: 1731.346 GC heap after
{Heap after GC invocations=129 (full 0):
 garbage-first heap   total 558080K, used 225235K [0x0000000700000000, 0x0000000800000000)
  region size 1024K, 4 young (4096K), 4 survivors (4096K)
 Metaspace       used 163728K, capacity 168676K, committed 168780K, reserved 1196032K
  class space    used 20479K, capacity 22352K, committed 22400K, reserved 1048576K
}
Event: 1734.341 GC heap before
{Heap before GC invocations=129 (full 0):
 garbage-first heap   total 558080K, used 258003K [0x0000000700000000, 0x0000000800000000)
  region size 1024K, 36 young (36864K), 4 survivors (4096K)
 Metaspace       used 167064K, capacity 172055K, committed 172364K, reserved 1198080K
  class space    used 20930K, capacity 22814K, committed 22912K, reserved 1048576K
}
Event: 1734.637 GC heap after
{Heap after GC invocations=130 (full 0):
 garbage-first heap   total 558080K, used 227144K [0x0000000700000000, 0x0000000800000000)
  region size 1024K, 2 young (2048K), 2 survivors (2048K)
 Metaspace       used 167064K, capacity 172055K, committed 172364K, reserved 1198080K
  class space    used 20930K, capacity 22814K, committed 22912K, reserved 1048576K
}
Event: 1735.786 GC heap before
{Heap before GC invocations=130 (full 0):
 garbage-first heap   total 558080K, used 252744K [0x0000000700000000, 0x0000000800000000)
  region size 1024K, 27 young (27648K), 2 survivors (2048K)
 Metaspace       used 167580K, capacity 172746K, committed 173004K, reserved 1200128K
  class space    used 21010K, capacity 22959K, committed 23040K, reserved 1048576K
}
Event: 1735.880 GC heap after
{Heap after GC invocations=131 (full 0):
 garbage-first heap   total 558080K, used 229331K [0x0000000700000000, 0x0000000800000000)
  region size 1024K, 4 young (4096K), 4 survivors (4096K)
 Metaspace       used 167580K, capacity 172746K, committed 173004K, reserved 1200128K
  class space    used 21010K, capacity 22959K, committed 23040K, reserved 1048576K
}
Event: 1740.025 GC heap before
{Heap before GC invocations=131 (full 0):
 garbage-first heap   total 558080K, used 254931K [0x0000000700000000, 0x0000000800000000)
  region size 1024K, 29 young (29696K), 4 survivors (4096K)
 Metaspace       used 170235K, capacity 175397K, committed 175692K, reserved 1202176K
  class space    used 21405K, capacity 23353K, committed 23424K, reserved 1048576K
}
Event: 1740.570 GC heap after
{Heap after GC invocations=132 (full 0):
 garbage-first heap   total 558080K, used 231271K [0x0000000700000000, 0x0000000800000000)
  region size 1024K, 2 young (2048K), 2 survivors (2048K)
 Metaspace       used 170235K, capacity 175397K, committed 175692K, reserved 1202176K
  class space    used 21405K, capacity 23353K, committed 23424K, reserved 1048576K
}
Event: 1744.731 GC heap before
{Heap before GC invocations=132 (full 0):
 garbage-first heap   total 558080K, used 256871K [0x0000000700000000, 0x0000000800000000)
  region size 1024K, 27 young (27648K), 2 survivors (2048K)
 Metaspace       used 173444K, capacity 178639K, committed 178764K, reserved 1204224K
  class space    used 21932K, capacity 23902K, committed 23936K, reserved 1048576K
}
Event: 1744.755 GC heap after
{Heap after GC invocations=133 (full 0):
 garbage-first heap   total 558080K, used 233067K [0x0000000700000000, 0x0000000800000000)
  region size 1024K, 4 young (4096K), 4 survivors (4096K)
 Metaspace       used 173444K, capacity 178639K, committed 178764K, reserved 1204224K
  class space    used 21932K, capacity 23902K, committed 23936K, reserved 1048576K
}
Event: 1754.278 GC heap before
{Heap before GC invocations=133 (full 0):
 garbage-first heap   total 558080K, used 256619K [0x0000000700000000, 0x0000000800000000)
  region size 1024K, 27 young (27648K), 4 survivors (4096K)
 Metaspace       used 173960K, capacity 179132K, committed 179276K, reserved 1204224K
  class space    used 21995K, capacity 23936K, committed 23936K, reserved 1048576K
}
Event: 1754.707 GC heap after
{Heap after GC invocations=134 (full 0):
 garbage-first heap   total 558080K, used 234807K [0x0000000700000000, 0x0000000800000000)
  region size 1024K, 4 young (4096K), 4 survivors (4096K)
 Metaspace       used 173960K, capacity 179132K, committed 179276K, reserved 1204224K
  class space    used 21995K, capacity 23936K, committed 23936K, reserved 1048576K
}
Event: 1756.889 GC heap before
{Heap before GC invocations=134 (full 0):
 garbage-first heap   total 558080K, used 258359K [0x0000000700000000, 0x0000000800000000)
  region size 1024K, 27 young (27648K), 4 survivors (4096K)
 Metaspace       used 177021K, capacity 182186K, committed 182348K, reserved 1208320K
  class space    used 22454K, capacity 24407K, committed 24448K, reserved 1048576K
}
Event: 1757.159 GC heap after
{Heap after GC invocations=135 (full 0):
 garbage-first heap   total 558080K, used 236099K [0x0000000700000000, 0x0000000800000000)
  region size 1024K, 3 young (3072K), 3 survivors (3072K)
 Metaspace       used 177021K, capacity 182186K, committed 182348K, reserved 1208320K
  class space    used 22454K, capacity 24407K, committed 24448K, reserved 1048576K
}
Event: 1762.297 GC heap before
{Heap before GC invocations=135 (full 0):
 garbage-first heap   total 558080K, used 260675K [0x0000000700000000, 0x0000000800000000)
  region size 1024K, 27 young (27648K), 3 survivors (3072K)
 Metaspace       used 178412K, capacity 183618K, committed 183884K, reserved 1208320K
  class space    used 22623K, capacity 24581K, committed 24704K, reserved 1048576K
}
Event: 1762.652 GC heap after
{Heap after GC invocations=136 (full 0):
 garbage-first heap   total 558080K, used 238413K [0x0000000700000000, 0x0000000800000000)
  region size 1024K, 4 young (4096K), 4 survivors (4096K)
 Metaspace       used 178412K, capacity 183618K, committed 183884K, reserved 1208320K
  class space    used 22623K, capacity 24581K, committed 24704K, reserved 1048576K
}
Event: 1766.055 GC heap before
{Heap before GC invocations=136 (full 0):
 garbage-first heap   total 558080K, used 261965K [0x0000000700000000, 0x0000000800000000)
  region size 1024K, 27 young (27648K), 4 survivors (4096K)
 Metaspace       used 178836K, capacity 184042K, committed 184140K, reserved 1208320K
  class space    used 22659K, capacity 24614K, committed 24704K, reserved 1048576K
}
Event: 1766.779 GC heap after
{Heap after GC invocations=137 (full 0):
 garbage-first heap   total 558080K, used 241054K [0x0000000700000000, 0x0000000800000000)
  region size 1024K, 3 young (3072K), 3 survivors (3072K)
 Metaspace       used 178836K, capacity 184042K, committed 184140K, reserved 1208320K
  class space    used 22659K, capacity 24614K, committed 24704K, reserved 1048576K
}
Event: 1772.562 GC heap before
{Heap before GC invocations=137 (full 0):
 garbage-first heap   total 558080K, used 264606K [0x0000000700000000, 0x0000000800000000)
  region size 1024K, 27 young (27648K), 3 survivors (3072K)
 Metaspace       used 178963K, capacity 184144K, committed 184396K, reserved 1208320K
  class space    used 22662K, capacity 24620K, committed 24704K, reserved 1048576K
}

