# JRE version: OpenJDK Runtime Environment (11.0.10) (build 11.0.10+0-b96-7249189)
# Java VM: OpenJDK 64-Bit Server VM (11.0.10+0-b96-7249189, mixed mode, tiered, compressed oops, g1 gc, windows-amd64)
Heap:
 garbage-first heap   total 161792K, used 80277K [0x0000000700000000, 0x0000000800000000)
  region size 1024K, 4 young (4096K), 4 survivors (4096K)
 Metaspace       used 61395K, capacity 63102K, committed 63204K, reserved 1103872K
  class space    used 7804K, capacity 8408K, committed 8448K, reserved 1048576K
GC Heap History (20 events):
Event: 9.295 GC heap after
{Heap after GC invocations=16 (full 0):
 garbage-first heap   total 92160K, used 39169K [0x0000000700000000, 0x0000000800000000)
  region size 1024K, 2 young (2048K), 2 survivors (2048K)
 Metaspace       used 39768K, capacity 40729K, committed 40804K, reserved 1085440K
  class space    used 5076K, capacity 5432K, committed 5504K, reserved 1048576K
}
Event: 10.056 GC heap before
{Heap before GC invocations=16 (full 0):
 garbage-first heap   total 92160K, used 64769K [0x0000000700000000, 0x0000000800000000)
  region size 1024K, 27 young (27648K), 2 survivors (2048K)
 Metaspace       used 41771K, capacity 42847K, committed 42980K, reserved 1087488K
  class space    used 5383K, capacity 5779K, committed 5888K, reserved 1048576K
}
Event: 10.064 GC heap after
{Heap after GC invocations=17 (full 0):
 garbage-first heap   total 92160K, used 40067K [0x0000000700000000, 0x0000000800000000)
  region size 1024K, 3 young (3072K), 3 survivors (3072K)
 Metaspace       used 41771K, capacity 42847K, committed 42980K, reserved 1087488K
  class space    used 5383K, capacity 5779K, committed 5888K, reserved 1048576K
}
Event: 10.151 GC heap before
{Heap before GC invocations=17 (full 0):
 garbage-first heap   total 92160K, used 41091K [0x0000000700000000, 0x0000000800000000)
  region size 1024K, 5 young (5120K), 3 survivors (3072K)
 Metaspace       used 41854K, capacity 42911K, committed 43236K, reserved 1087488K
  class space    used 5391K, capacity 5779K, committed 5888K, reserved 1048576K
}
Event: 10.161 GC heap after
{Heap after GC invocations=18 (full 0):
 garbage-first heap   total 110592K, used 40394K [0x0000000700000000, 0x0000000800000000)
  region size 1024K, 2 young (2048K), 2 survivors (2048K)
 Metaspace       used 41854K, capacity 42911K, committed 43236K, reserved 1087488K
  class space    used 5391K, capacity 5779K, committed 5888K, reserved 1048576K
}
Event: 11.132 GC heap before
{Heap before GC invocations=19 (full 0):
 garbage-first heap   total 110592K, used 82378K [0x0000000700000000, 0x0000000800000000)
  region size 1024K, 35 young (35840K), 2 survivors (2048K)
 Metaspace       used 44405K, capacity 45666K, committed 45796K, reserved 1089536K
  class space    used 5591K, capacity 6048K, committed 6144K, reserved 1048576K
}
Event: 11.152 GC heap after
{Heap after GC invocations=20 (full 0):
 garbage-first heap   total 110592K, used 53014K [0x0000000700000000, 0x0000000800000000)
  region size 1024K, 5 young (5120K), 5 survivors (5120K)
 Metaspace       used 44405K, capacity 45666K, committed 45796K, reserved 1089536K
  class space    used 5591K, capacity 6048K, committed 6144K, reserved 1048576K
}
Event: 11.714 GC heap before
{Heap before GC invocations=20 (full 0):
 garbage-first heap   total 110592K, used 81686K [0x0000000700000000, 0x0000000800000000)
  region size 1024K, 33 young (33792K), 5 survivors (5120K)
 Metaspace       used 45692K, capacity 46923K, committed 47204K, reserved 1089536K
  class space    used 5800K, capacity 6232K, committed 6272K, reserved 1048576K
}
Event: 11.733 GC heap after
{Heap after GC invocations=21 (full 0):
 garbage-first heap   total 110592K, used 55769K [0x0000000700000000, 0x0000000800000000)
  region size 1024K, 3 young (3072K), 3 survivors (3072K)
 Metaspace       used 45692K, capacity 46923K, committed 47204K, reserved 1089536K
  class space    used 5800K, capacity 6232K, committed 6272K, reserved 1048576K
}
Event: 12.310 GC heap before
{Heap before GC invocations=21 (full 0):
 garbage-first heap   total 110592K, used 84441K [0x0000000700000000, 0x0000000800000000)
  region size 1024K, 31 young (31744K), 3 survivors (3072K)
 Metaspace       used 47396K, capacity 48822K, committed 49124K, reserved 1091584K
  class space    used 6090K, capacity 6589K, committed 6656K, reserved 1048576K
}
Event: 12.326 GC heap after
{Heap after GC invocations=22 (full 0):
 garbage-first heap   total 110592K, used 57241K [0x0000000700000000, 0x0000000800000000)
  region size 1024K, 2 young (2048K), 2 survivors (2048K)
 Metaspace       used 47396K, capacity 48822K, committed 49124K, reserved 1091584K
  class space    used 6090K, capacity 6589K, committed 6656K, reserved 1048576K
}
Event: 12.959 GC heap before
{Heap before GC invocations=23 (full 0):
 garbage-first heap   total 110592K, used 85913K [0x0000000700000000, 0x0000000800000000)
  region size 1024K, 30 young (30720K), 2 survivors (2048K)
 Metaspace       used 48828K, capacity 50250K, committed 50532K, reserved 1093632K
  class space    used 6267K, capacity 6741K, committed 6784K, reserved 1048576K
}
Event: 12.971 GC heap after
{Heap after GC invocations=24 (full 0):
 garbage-first heap   total 134144K, used 58421K [0x0000000700000000, 0x0000000800000000)
  region size 1024K, 3 young (3072K), 3 survivors (3072K)
 Metaspace       used 48828K, capacity 50250K, committed 50532K, reserved 1093632K
  class space    used 6267K, capacity 6741K, committed 6784K, reserved 1048576K
}
Event: 13.747 GC heap before
{Heap before GC invocations=24 (full 0):
 garbage-first heap   total 134144K, used 89141K [0x0000000700000000, 0x0000000800000000)
  region size 1024K, 32 young (32768K), 3 survivors (3072K)
 Metaspace       used 49701K, capacity 51200K, committed 51428K, reserved 1093632K
  class space    used 6353K, capacity 6857K, committed 6912K, reserved 1048576K
}
Event: 13.763 GC heap after
{Heap after GC invocations=25 (full 0):
 garbage-first heap   total 134144K, used 66334K [0x0000000700000000, 0x0000000800000000)
  region size 1024K, 6 young (6144K), 6 survivors (6144K)
 Metaspace       used 49701K, capacity 51200K, committed 51428K, reserved 1093632K
  class space    used 6353K, capacity 6857K, committed 6912K, reserved 1048576K
}
Event: 14.607 GC heap before
{Heap before GC invocations=26 (full 0):
 garbage-first heap   total 134144K, used 106270K [0x0000000700000000, 0x0000000800000000)
  region size 1024K, 40 young (40960K), 6 survivors (6144K)
 Metaspace       used 53024K, capacity 54603K, committed 54756K, reserved 1097728K
  class space    used 6783K, capacity 7346K, committed 7424K, reserved 1048576K
}
Event: 14.622 GC heap after
{Heap after GC invocations=27 (full 0):
 garbage-first heap   total 134144K, used 76132K [0x0000000700000000, 0x0000000800000000)
  region size 1024K, 5 young (5120K), 5 survivors (5120K)
 Metaspace       used 53024K, capacity 54603K, committed 54756K, reserved 1097728K
  class space    used 6783K, capacity 7346K, committed 7424K, reserved 1048576K
}
Event: 15.698 GC heap before
{Heap before GC invocations=27 (full 0):
 garbage-first heap   total 134144K, used 106852K [0x0000000700000000, 0x0000000800000000)
  region size 1024K, 35 young (35840K), 5 survivors (5120K)
 Metaspace       used 57743K, capacity 59374K, committed 59620K, reserved 1101824K
  class space    used 7345K, capacity 7933K, committed 7936K, reserved 1048576K
}
Event: 15.712 GC heap after
{Heap after GC invocations=28 (full 0):
 garbage-first heap   total 134144K, used 77221K [0x0000000700000000, 0x0000000800000000)
  region size 1024K, 2 young (2048K), 2 survivors (2048K)
 Metaspace       used 57743K, capacity 59374K, committed 59620K, reserved 1101824K
  class space    used 7345K, capacity 7933K, committed 7936K, reserved 1048576K
}
Event: 16.643 GC heap before
{Heap before GC invocations=29 (full 0):
 garbage-first heap   total 134144K, used 106917K [0x0000000700000000, 0x0000000800000000)
  region size 1024K, 32 young (32768K), 2 survivors (2048K)
 Metaspace       used 61395K, capacity 63102K, committed 63204K, reserved 1103872K
  class space    used 7804K, capacity 8408K, committed 8448K, reserved 1048576K
}

