# JRE version: OpenJDK Runtime Environment (11.0.10) (build 11.0.10+0-b96-7249189)
# Java VM: OpenJDK 64-Bit Server VM (11.0.10+0-b96-7249189, mixed mode, tiered, compressed oops, g1 gc, windows-amd64)
Heap:
 garbage-first heap   total 93184K, used 70619K [0x0000000700000000, 0x0000000800000000)
  region size 1024K, 13 young (13312K), 3 survivors (3072K)
 Metaspace       used 66220K, capacity 67820K, committed 67916K, reserved 1107968K
  class space    used 8374K, capacity 8988K, committed 9036K, reserved 1048576K
GC Heap History (20 events):
Event: 35.099 GC heap before
{Heap before GC invocations=17 (full 0):
 garbage-first heap   total 92160K, used 68325K [0x0000000700000000, 0x0000000800000000)
  region size 1024K, 42 young (43008K), 4 survivors (4096K)
 Metaspace       used 47205K, capacity 48415K, committed 48460K, reserved 1091584K
  class space    used 6014K, capacity 6460K, committed 6476K, reserved 1048576K
}
Event: 35.121 GC heap after
{Heap after GC invocations=18 (full 0):
 garbage-first heap   total 92160K, used 34423K [0x0000000700000000, 0x0000000800000000)
  region size 1024K, 6 young (6144K), 6 survivors (6144K)
 Metaspace       used 47205K, capacity 48415K, committed 48460K, reserved 1091584K
  class space    used 6014K, capacity 6460K, committed 6476K, reserved 1048576K
}
Event: 42.601 GC heap before
{Heap before GC invocations=18 (full 0):
 garbage-first heap   total 92160K, used 79479K [0x0000000700000000, 0x0000000800000000)
  region size 1024K, 42 young (43008K), 6 survivors (6144K)
 Metaspace       used 49985K, capacity 51356K, committed 51532K, reserved 1093632K
  class space    used 6351K, capacity 6870K, committed 6988K, reserved 1048576K
}
Event: 42.623 GC heap after
{Heap after GC invocations=19 (full 0):
 garbage-first heap   total 93184K, used 50084K [0x0000000700000000, 0x0000000800000000)
  region size 1024K, 6 young (6144K), 6 survivors (6144K)
 Metaspace       used 49985K, capacity 51356K, committed 51532K, reserved 1093632K
  class space    used 6351K, capacity 6870K, committed 6988K, reserved 1048576K
}
Event: 43.797 GC heap before
{Heap before GC invocations=19 (full 0):
 garbage-first heap   total 93184K, used 74660K [0x0000000700000000, 0x0000000800000000)
  region size 1024K, 30 young (30720K), 6 survivors (6144K)
 Metaspace       used 53336K, capacity 54660K, committed 54732K, reserved 1097728K
  class space    used 6796K, capacity 7309K, committed 7372K, reserved 1048576K
}
Event: 43.825 GC heap after
{Heap after GC invocations=20 (full 0):
 garbage-first heap   total 93184K, used 52755K [0x0000000700000000, 0x0000000800000000)
  region size 1024K, 2 young (2048K), 2 survivors (2048K)
 Metaspace       used 53336K, capacity 54660K, committed 54732K, reserved 1097728K
  class space    used 6796K, capacity 7309K, committed 7372K, reserved 1048576K
}
Event: 45.871 GC heap before
{Heap before GC invocations=21 (full 0):
 garbage-first heap   total 93184K, used 75283K [0x0000000700000000, 0x0000000800000000)
  region size 1024K, 25 young (25600K), 2 survivors (2048K)
 Metaspace       used 56635K, capacity 58102K, committed 58188K, reserved 1099776K
  class space    used 7186K, capacity 7727K, committed 7756K, reserved 1048576K
}
Event: 45.880 GC heap after
{Heap after GC invocations=22 (full 0):
 garbage-first heap   total 93184K, used 52845K [0x0000000700000000, 0x0000000800000000)
  region size 1024K, 2 young (2048K), 2 survivors (2048K)
 Metaspace       used 56635K, capacity 58102K, committed 58188K, reserved 1099776K
  class space    used 7186K, capacity 7727K, committed 7756K, reserved 1048576K
}
Event: 46.977 GC heap before
{Heap before GC invocations=22 (full 0):
 garbage-first heap   total 93184K, used 75373K [0x0000000700000000, 0x0000000800000000)
  region size 1024K, 25 young (25600K), 2 survivors (2048K)
 Metaspace       used 59749K, capacity 61360K, committed 61516K, reserved 1101824K
  class space    used 7551K, capacity 8131K, committed 8268K, reserved 1048576K
}
Event: 46.991 GC heap after
{Heap after GC invocations=23 (full 0):
 garbage-first heap   total 93184K, used 55582K [0x0000000700000000, 0x0000000800000000)
  region size 1024K, 4 young (4096K), 4 survivors (4096K)
 Metaspace       used 59749K, capacity 61360K, committed 61516K, reserved 1101824K
  class space    used 7551K, capacity 8131K, committed 8268K, reserved 1048576K
}
Event: 48.290 GC heap before
{Heap before GC invocations=24 (full 0):
 garbage-first heap   total 93184K, used 76062K [0x0000000700000000, 0x0000000800000000)
  region size 1024K, 24 young (24576K), 4 survivors (4096K)
 Metaspace       used 61780K, capacity 63361K, committed 63564K, reserved 1103872K
  class space    used 7810K, capacity 8427K, committed 8524K, reserved 1048576K
}
Event: 48.305 GC heap after
{Heap after GC invocations=25 (full 0):
 garbage-first heap   total 93184K, used 57582K [0x0000000700000000, 0x0000000800000000)
  region size 1024K, 2 young (2048K), 2 survivors (2048K)
 Metaspace       used 61780K, capacity 63361K, committed 63564K, reserved 1103872K
  class space    used 7810K, capacity 8427K, committed 8524K, reserved 1048576K
}
Event: 48.711 GC heap before
{Heap before GC invocations=25 (full 0):
 garbage-first heap   total 93184K, used 65774K [0x0000000700000000, 0x0000000800000000)
  region size 1024K, 12 young (12288K), 2 survivors (2048K)
 Metaspace       used 62715K, capacity 64258K, committed 64460K, reserved 1105920K
  class space    used 7935K, capacity 8533K, committed 8652K, reserved 1048576K
}
Event: 48.725 GC heap after
{Heap after GC invocations=26 (full 0):
 garbage-first heap   total 93184K, used 58086K [0x0000000700000000, 0x0000000800000000)
  region size 1024K, 1 young (1024K), 1 survivors (1024K)
 Metaspace       used 62715K, capacity 64258K, committed 64460K, reserved 1105920K
  class space    used 7935K, capacity 8533K, committed 8652K, reserved 1048576K
}
Event: 49.884 GC heap before
{Heap before GC invocations=27 (full 0):
 garbage-first heap   total 93184K, used 76518K [0x0000000700000000, 0x0000000800000000)
  region size 1024K, 18 young (18432K), 1 survivors (1024K)
 Metaspace       used 64384K, capacity 66022K, committed 66124K, reserved 1105920K
  class space    used 8162K, capacity 8755K, committed 8780K, reserved 1048576K
}
Event: 49.899 GC heap after
{Heap after GC invocations=28 (full 0):
 garbage-first heap   total 93184K, used 58361K [0x0000000700000000, 0x0000000800000000)
  region size 1024K, 2 young (2048K), 2 survivors (2048K)
 Metaspace       used 64384K, capacity 66022K, committed 66124K, reserved 1105920K
  class space    used 8162K, capacity 8755K, committed 8780K, reserved 1048576K
}
Event: 51.508 GC heap before
{Heap before GC invocations=28 (full 0):
 garbage-first heap   total 93184K, used 74745K [0x0000000700000000, 0x0000000800000000)
  region size 1024K, 19 young (19456K), 2 survivors (2048K)
 Metaspace       used 65752K, capacity 67346K, committed 67660K, reserved 1107968K
  class space    used 8315K, capacity 8916K, committed 9036K, reserved 1048576K
}
Event: 51.521 GC heap after
{Heap after GC invocations=29 (full 0):
 garbage-first heap   total 93184K, used 59357K [0x0000000700000000, 0x0000000800000000)
  region size 1024K, 3 young (3072K), 3 survivors (3072K)
 Metaspace       used 65752K, capacity 67346K, committed 67660K, reserved 1107968K
  class space    used 8315K, capacity 8916K, committed 9036K, reserved 1048576K
}
Event: 52.065 GC heap before
{Heap before GC invocations=30 (full 0):
 garbage-first heap   total 93184K, used 76765K [0x0000000700000000, 0x0000000800000000)
  region size 1024K, 20 young (20480K), 3 survivors (3072K)
 Metaspace       used 66037K, capacity 67692K, committed 67916K, reserved 1107968K
  class space    used 8367K, capacity 8988K, committed 9036K, reserved 1048576K
}
Event: 52.083 GC heap after
{Heap after GC invocations=31 (full 0):
 garbage-first heap   total 93184K, used 61403K [0x0000000700000000, 0x0000000800000000)
  region size 1024K, 3 young (3072K), 3 survivors (3072K)
 Metaspace       used 66037K, capacity 67692K, committed 67916K, reserved 1107968K
  class space    used 8367K, capacity 8988K, committed 9036K, reserved 1048576K
}

